ERROR StackTrace - Full Stack Trace:
java.lang.reflect.InvocationTargetException: null
	at newapp.ReportController$$FastClassByCGLIB$$7e1151dd_3$$EPL8bAVf.invoke(<generated>) ~[na:na]
	at newapp.ReportController$$FastClassByCGLIB$$7e1151dd_3$$DPL8bAVf.invoke(Unknown Source) ~[na:na]
	at newapp.ReportController$$FastClassByCGLIB$$7e1151dd_3.invoke(<generated>) ~[spring-core-4.1.7.RELEASE.jar:na]
	at org.springframework.cglib.reflect.FastMethod.invoke(FastMethod.java:53) ~[spring-core-4.1.7.RELEASE.jar:4.1.7.RELEASE]
	at org.grails.core.DefaultGrailsControllerClass.invoke(DefaultGrailsControllerClass.java:146) ~[grails-core-3.0.4.jar:3.0.4]
	at org.grails.web.mapping.mvc.UrlMappingsInfoHandlerAdapter.handle(UrlMappingsInfoHandlerAdapter.groovy:87) ~[grails-web-url-mappings-3.0.4.jar:3.0.4]
	at org.springframework.web.servlet.DispatcherServlet.doDispatch(DispatcherServlet.java:959) [spring-webmvc-4.1.7.RELEASE.jar:4.1.7.RELEASE]
	at org.springframework.web.servlet.DispatcherServlet.doService(DispatcherServlet.java:893) [spring-webmvc-4.1.7.RELEASE.jar:4.1.7.RELEASE]
	at org.springframework.web.servlet.FrameworkServlet.processRequest(FrameworkServlet.java:967) [spring-webmvc-4.1.7.RELEASE.jar:4.1.7.RELEASE]
	at org.springframework.web.servlet.FrameworkServlet.doGet(FrameworkServlet.java:858) [spring-webmvc-4.1.7.RELEASE.jar:4.1.7.RELEASE]
	at javax.servlet.http.HttpServlet.service(HttpServlet.java:622) [tomcat-embed-core-8.0.23.jar:8.0.23]
	at org.springframework.web.servlet.FrameworkServlet.service(FrameworkServlet.java:843) [spring-webmvc-4.1.7.RELEASE.jar:4.1.7.RELEASE]
	at javax.servlet.http.HttpServlet.service(HttpServlet.java:729) [tomcat-embed-core-8.0.23.jar:8.0.23]
	at org.apache.catalina.core.ApplicationFilterChain.internalDoFilter(ApplicationFilterChain.java:291) [tomcat-embed-core-8.0.23.jar:8.0.23]
	at org.apache.catalina.core.ApplicationFilterChain.doFilter(ApplicationFilterChain.java:206) [tomcat-embed-core-8.0.23.jar:8.0.23]
	at org.apache.tomcat.websocket.server.WsFilter.doFilter(WsFilter.java:52) [tomcat-embed-websocket-8.0.23.jar:8.0.23]
	at org.apache.catalina.core.ApplicationFilterChain.internalDoFilter(ApplicationFilterChain.java:239) [tomcat-embed-core-8.0.23.jar:8.0.23]
	at org.apache.catalina.core.ApplicationFilterChain.doFilter(ApplicationFilterChain.java:206) [tomcat-embed-core-8.0.23.jar:8.0.23]
	at org.springframework.boot.actuate.autoconfigure.EndpointWebMvcAutoConfiguration$ApplicationContextHeaderFilter.doFilterInternal(EndpointWebMvcAutoConfiguration.java:295) [spring-boot-actuator-1.2.5.RELEASE.jar:1.2.5.RELEASE]
	at org.springframework.web.filter.OncePerRequestFilter.doFilter(OncePerRequestFilter.java:107) [spring-web-4.1.7.RELEASE.jar:4.1.7.RELEASE]
	at org.apache.catalina.core.ApplicationFilterChain.internalDoFilter(ApplicationFilterChain.java:239) [tomcat-embed-core-8.0.23.jar:8.0.23]
	at org.apache.catalina.core.ApplicationFilterChain.doFilter(ApplicationFilterChain.java:206) [tomcat-embed-core-8.0.23.jar:8.0.23]
	at org.springframework.boot.actuate.trace.WebRequestTraceFilter.doFilterInternal(WebRequestTraceFilter.java:102) [spring-boot-actuator-1.2.5.RELEASE.jar:1.2.5.RELEASE]
	at org.springframework.web.filter.OncePerRequestFilter.doFilter(OncePerRequestFilter.java:107) [spring-web-4.1.7.RELEASE.jar:4.1.7.RELEASE]
	at org.apache.catalina.core.ApplicationFilterChain.internalDoFilter(ApplicationFilterChain.java:239) [tomcat-embed-core-8.0.23.jar:8.0.23]
	at org.apache.catalina.core.ApplicationFilterChain.doFilter(ApplicationFilterChain.java:206) [tomcat-embed-core-8.0.23.jar:8.0.23]
	at org.grails.web.servlet.mvc.GrailsWebRequestFilter.doFilterInternal(GrailsWebRequestFilter.java:73) [grails-web-mvc-3.0.4.jar:3.0.4]
	at org.springframework.web.filter.OncePerRequestFilter.doFilter(OncePerRequestFilter.java:107) [spring-web-4.1.7.RELEASE.jar:4.1.7.RELEASE]
	at org.apache.catalina.core.ApplicationFilterChain.internalDoFilter(ApplicationFilterChain.java:239) [tomcat-embed-core-8.0.23.jar:8.0.23]
	at org.apache.catalina.core.ApplicationFilterChain.doFilter(ApplicationFilterChain.java:206) [tomcat-embed-core-8.0.23.jar:8.0.23]
	at org.grails.web.filters.HiddenHttpMethodFilter.doFilterInternal(HiddenHttpMethodFilter.java:67) [grails-web-mvc-3.0.4.jar:3.0.4]
	at org.springframework.web.filter.OncePerRequestFilter.doFilter(OncePerRequestFilter.java:107) [spring-web-4.1.7.RELEASE.jar:4.1.7.RELEASE]
	at org.apache.catalina.core.ApplicationFilterChain.internalDoFilter(ApplicationFilterChain.java:239) [tomcat-embed-core-8.0.23.jar:8.0.23]
	at org.apache.catalina.core.ApplicationFilterChain.doFilter(ApplicationFilterChain.java:206) [tomcat-embed-core-8.0.23.jar:8.0.23]
	at org.springframework.web.filter.CharacterEncodingFilter.doFilterInternal(CharacterEncodingFilter.java:85) [spring-web-4.1.7.RELEASE.jar:4.1.7.RELEASE]
	at org.springframework.web.filter.OncePerRequestFilter.doFilter(OncePerRequestFilter.java:107) [spring-web-4.1.7.RELEASE.jar:4.1.7.RELEASE]
	at org.apache.catalina.core.ApplicationFilterChain.internalDoFilter(ApplicationFilterChain.java:239) [tomcat-embed-core-8.0.23.jar:8.0.23]
	at org.apache.catalina.core.ApplicationFilterChain.doFilter(ApplicationFilterChain.java:206) [tomcat-embed-core-8.0.23.jar:8.0.23]
	at org.springframework.boot.actuate.autoconfigure.MetricsFilter.doFilterInternal(MetricsFilter.java:68) [spring-boot-actuator-1.2.5.RELEASE.jar:1.2.5.RELEASE]
	at org.springframework.web.filter.OncePerRequestFilter.doFilter(OncePerRequestFilter.java:107) [spring-web-4.1.7.RELEASE.jar:4.1.7.RELEASE]
	at org.apache.catalina.core.ApplicationFilterChain.internalDoFilter(ApplicationFilterChain.java:239) [tomcat-embed-core-8.0.23.jar:8.0.23]
	at org.apache.catalina.core.ApplicationFilterChain.doFilter(ApplicationFilterChain.java:206) [tomcat-embed-core-8.0.23.jar:8.0.23]
	at org.apache.catalina.core.StandardWrapperValve.invoke(StandardWrapperValve.java:219) [tomcat-embed-core-8.0.23.jar:8.0.23]
	at org.apache.catalina.core.StandardContextValve.invoke(StandardContextValve.java:106) [tomcat-embed-core-8.0.23.jar:8.0.23]
	at org.apache.catalina.authenticator.AuthenticatorBase.invoke(AuthenticatorBase.java:502) [tomcat-embed-core-8.0.23.jar:8.0.23]
	at org.apache.catalina.core.StandardHostValve.invoke(StandardHostValve.java:142) [tomcat-embed-core-8.0.23.jar:8.0.23]
	at org.apache.catalina.valves.ErrorReportValve.invoke(ErrorReportValve.java:79) [tomcat-embed-core-8.0.23.jar:8.0.23]
	at org.apache.catalina.core.StandardEngineValve.invoke(StandardEngineValve.java:88) [tomcat-embed-core-8.0.23.jar:8.0.23]
	at org.apache.catalina.connector.CoyoteAdapter.service(CoyoteAdapter.java:518) [tomcat-embed-core-8.0.23.jar:8.0.23]
	at org.apache.coyote.http11.AbstractHttp11Processor.process(AbstractHttp11Processor.java:1091) [tomcat-embed-core-8.0.23.jar:8.0.23]
	at org.apache.coyote.AbstractProtocol$AbstractConnectionHandler.process(AbstractProtocol.java:668) [tomcat-embed-core-8.0.23.jar:8.0.23]
	at org.apache.tomcat.util.net.NioEndpoint$SocketProcessor.doRun(NioEndpoint.java:1521) [tomcat-embed-core-8.0.23.jar:8.0.23]
	at org.apache.tomcat.util.net.NioEndpoint$SocketProcessor.run(NioEndpoint.java:1478) [tomcat-embed-core-8.0.23.jar:8.0.23]
	at java.util.concurrent.ThreadPoolExecutor.runWorker(ThreadPoolExecutor.java:1142) [na:1.8.0_51]
	at java.util.concurrent.ThreadPoolExecutor$Worker.run(ThreadPoolExecutor.java:617) [na:1.8.0_51]
	at org.apache.tomcat.util.threads.TaskThread$WrappingRunnable.run(TaskThread.java:61) [tomcat-embed-core-8.0.23.jar:8.0.23]
	at java.lang.Thread.run(Thread.java:745) [na:1.8.0_51]
Caused by: groovy.lang.MissingPropertyException: No such property: pdfStream for class: newapp.ReportController
	at grails.artefact.gsp.TagLibraryInvoker$Trait$Helper.propertyMissing(TagLibraryInvoker.groovy:123) ~[grails-web-taglib-3.0.4.jar:3.0.4]
	at grails.artefact.gsp.TagLibraryInvoker$Trait$Helper$propertyMissing$1.call(Unknown Source) ~[na:na]
	at org.codehaus.groovy.runtime.callsite.CallSiteArray.defaultCall(CallSiteArray.java:48) ~[groovy-2.4.4.jar:2.4.4]
	at org.codehaus.groovy.runtime.callsite.AbstractCallSite.call(AbstractCallSite.java:113) ~[groovy-2.4.4.jar:2.4.4]
	at org.codehaus.groovy.runtime.callsite.AbstractCallSite.call(AbstractCallSite.java:133) ~[groovy-2.4.4.jar:2.4.4]
	at newapp.ReportController$$EPL8bAVf.propertyMissing(ReportController.groovy) ~[na:na]
	at sun.reflect.NativeMethodAccessorImpl.invoke0(Native Method) ~[na:1.8.0_51]
	at sun.reflect.NativeMethodAccessorImpl.invoke(NativeMethodAccessorImpl.java:62) ~[na:1.8.0_51]
	at sun.reflect.DelegatingMethodAccessorImpl.invoke(DelegatingMethodAccessorImpl.java:43) ~[na:1.8.0_51]
	at java.lang.reflect.Method.invoke(Method.java:497) ~[na:1.8.0_51]
	at org.springsource.loaded.ri.ReloadedTypeInvoker$2.invoke(ReloadedTypeInvoker.java:133) ~[springloaded-1.2.4.RELEASE.jar:1.2.4.RELEASE]
	at org.springsource.loaded.ri.ReflectiveInterceptor.jlrMethodInvoke(ReflectiveInterceptor.java:1459) ~[springloaded-1.2.4.RELEASE.jar:1.2.4.RELEASE]
	at org.codehaus.groovy.reflection.CachedMethod.invoke(CachedMethod.java:93) ~[groovy-2.4.4.jar:2.4.4]
	at groovy.lang.MetaClassImpl.invokeMissingProperty(MetaClassImpl.java:877) ~[groovy-2.4.4.jar:2.4.4]
	at groovy.lang.MetaClassImpl.getProperty(MetaClassImpl.java:1856) ~[groovy-2.4.4.jar:2.4.4]
	at groovy.lang.ExpandoMetaClass.getProperty(ExpandoMetaClass.java:1153) ~[groovy-2.4.4.jar:2.4.4]
	at groovy.lang.MetaClassImpl.getProperty(MetaClassImpl.java:3737) ~[groovy-2.4.4.jar:2.4.4]
	at groovy.lang.ExpandoMetaClass.getProperty(ExpandoMetaClass.java:1165) ~[groovy-2.4.4.jar:2.4.4]
	at org.codehaus.groovy.runtime.callsite.PogoMetaClassGetPropertySite.getProperty(PogoMetaClassGetPropertySite.java:51) ~[groovy-2.4.4.jar:2.4.4]
	at org.codehaus.groovy.runtime.callsite.AbstractCallSite.callGroovyObjectGetProperty(AbstractCallSite.java:307) ~[groovy-2.4.4.jar:2.4.4]
	at newapp.ReportController$$EPL8bAVf.index(ReportController.groovy:38) ~[na:na]
	at newapp.ReportController$$DPL8bAVf.index(Unknown Source) ~[na:na]
	at newapp.ReportController.index(ReportController.groovy) ~[main/:na]
	... 57 common frames omitted
ERROR StackTrace - Full Stack Trace:
groovy.lang.MissingPropertyException: No such property: pdfStream for class: newapp.ReportController
	at grails.artefact.gsp.TagLibraryInvoker$Trait$Helper.propertyMissing(TagLibraryInvoker.groovy:123) ~[grails-web-taglib-3.0.4.jar:3.0.4]
	at grails.artefact.gsp.TagLibraryInvoker$Trait$Helper$propertyMissing$1.call(Unknown Source) ~[na:na]
	at org.codehaus.groovy.runtime.callsite.CallSiteArray.defaultCall(CallSiteArray.java:48) ~[groovy-2.4.4.jar:2.4.4]
	at org.codehaus.groovy.runtime.callsite.AbstractCallSite.call(AbstractCallSite.java:113) ~[groovy-2.4.4.jar:2.4.4]
	at org.codehaus.groovy.runtime.callsite.AbstractCallSite.call(AbstractCallSite.java:133) ~[groovy-2.4.4.jar:2.4.4]
	at newapp.ReportController$$EPL8bAVf.propertyMissing(ReportController.groovy) ~[na:na]
	at sun.reflect.NativeMethodAccessorImpl.invoke0(Native Method) ~[na:1.8.0_51]
	at sun.reflect.NativeMethodAccessorImpl.invoke(NativeMethodAccessorImpl.java:62) ~[na:1.8.0_51]
	at sun.reflect.DelegatingMethodAccessorImpl.invoke(DelegatingMethodAccessorImpl.java:43) ~[na:1.8.0_51]
	at java.lang.reflect.Method.invoke(Method.java:497) ~[na:1.8.0_51]
	at org.springsource.loaded.ri.ReloadedTypeInvoker$2.invoke(ReloadedTypeInvoker.java:133) ~[springloaded-1.2.4.RELEASE.jar:1.2.4.RELEASE]
	at org.springsource.loaded.ri.ReflectiveInterceptor.jlrMethodInvoke(ReflectiveInterceptor.java:1459) ~[springloaded-1.2.4.RELEASE.jar:1.2.4.RELEASE]
	at org.codehaus.groovy.reflection.CachedMethod.invoke(CachedMethod.java:93) ~[groovy-2.4.4.jar:2.4.4]
	at groovy.lang.MetaClassImpl.invokeMissingProperty(MetaClassImpl.java:877) ~[groovy-2.4.4.jar:2.4.4]
	at groovy.lang.MetaClassImpl.getProperty(MetaClassImpl.java:1856) ~[groovy-2.4.4.jar:2.4.4]
	at groovy.lang.ExpandoMetaClass.getProperty(ExpandoMetaClass.java:1153) ~[groovy-2.4.4.jar:2.4.4]
	at groovy.lang.MetaClassImpl.getProperty(MetaClassImpl.java:3737) ~[groovy-2.4.4.jar:2.4.4]
	at groovy.lang.ExpandoMetaClass.getProperty(ExpandoMetaClass.java:1165) ~[groovy-2.4.4.jar:2.4.4]
	at org.codehaus.groovy.runtime.callsite.PogoMetaClassGetPropertySite.getProperty(PogoMetaClassGetPropertySite.java:51) ~[groovy-2.4.4.jar:2.4.4]
	at org.codehaus.groovy.runtime.callsite.AbstractCallSite.callGroovyObjectGetProperty(AbstractCallSite.java:307) ~[groovy-2.4.4.jar:2.4.4]
	at newapp.ReportController$$EPL8bAVf.index(ReportController.groovy:38) ~[na:na]
	at newapp.ReportController$$DPL8bAVf.index(Unknown Source) ~[na:na]
	at newapp.ReportController.index(ReportController.groovy) ~[main/:na]
	at newapp.ReportController$$FastClassByCGLIB$$7e1151dd_3$$EPL8bAVf.invoke(<generated>) ~[na:na]
	at newapp.ReportController$$FastClassByCGLIB$$7e1151dd_3$$DPL8bAVf.invoke(Unknown Source) ~[na:na]
	at newapp.ReportController$$FastClassByCGLIB$$7e1151dd_3.invoke(<generated>) ~[spring-core-4.1.7.RELEASE.jar:na]
	at org.springframework.cglib.reflect.FastMethod.invoke(FastMethod.java:53) ~[spring-core-4.1.7.RELEASE.jar:4.1.7.RELEASE]
	at org.grails.core.DefaultGrailsControllerClass.invoke(DefaultGrailsControllerClass.java:146) ~[grails-core-3.0.4.jar:3.0.4]
	at org.grails.web.mapping.mvc.UrlMappingsInfoHandlerAdapter.handle(UrlMappingsInfoHandlerAdapter.groovy:87) ~[grails-web-url-mappings-3.0.4.jar:3.0.4]
	at org.springframework.web.servlet.DispatcherServlet.doDispatch(DispatcherServlet.java:959) [spring-webmvc-4.1.7.RELEASE.jar:4.1.7.RELEASE]
	at org.springframework.web.servlet.DispatcherServlet.doService(DispatcherServlet.java:893) [spring-webmvc-4.1.7.RELEASE.jar:4.1.7.RELEASE]
	at org.springframework.web.servlet.FrameworkServlet.processRequest(FrameworkServlet.java:967) [spring-webmvc-4.1.7.RELEASE.jar:4.1.7.RELEASE]
	at org.springframework.web.servlet.FrameworkServlet.doGet(FrameworkServlet.java:858) [spring-webmvc-4.1.7.RELEASE.jar:4.1.7.RELEASE]
	at javax.servlet.http.HttpServlet.service(HttpServlet.java:622) [tomcat-embed-core-8.0.23.jar:8.0.23]
	at org.springframework.web.servlet.FrameworkServlet.service(FrameworkServlet.java:843) [spring-webmvc-4.1.7.RELEASE.jar:4.1.7.RELEASE]
	at javax.servlet.http.HttpServlet.service(HttpServlet.java:729) [tomcat-embed-core-8.0.23.jar:8.0.23]
	at org.apache.catalina.core.ApplicationFilterChain.internalDoFilter(ApplicationFilterChain.java:291) [tomcat-embed-core-8.0.23.jar:8.0.23]
	at org.apache.catalina.core.ApplicationFilterChain.doFilter(ApplicationFilterChain.java:206) [tomcat-embed-core-8.0.23.jar:8.0.23]
	at org.apache.tomcat.websocket.server.WsFilter.doFilter(WsFilter.java:52) [tomcat-embed-websocket-8.0.23.jar:8.0.23]
	at org.apache.catalina.core.ApplicationFilterChain.internalDoFilter(ApplicationFilterChain.java:239) [tomcat-embed-core-8.0.23.jar:8.0.23]
	at org.apache.catalina.core.ApplicationFilterChain.doFilter(ApplicationFilterChain.java:206) [tomcat-embed-core-8.0.23.jar:8.0.23]
	at org.springframework.boot.actuate.autoconfigure.EndpointWebMvcAutoConfiguration$ApplicationContextHeaderFilter.doFilterInternal(EndpointWebMvcAutoConfiguration.java:295) [spring-boot-actuator-1.2.5.RELEASE.jar:1.2.5.RELEASE]
	at org.springframework.web.filter.OncePerRequestFilter.doFilter(OncePerRequestFilter.java:107) [spring-web-4.1.7.RELEASE.jar:4.1.7.RELEASE]
	at org.apache.catalina.core.ApplicationFilterChain.internalDoFilter(ApplicationFilterChain.java:239) [tomcat-embed-core-8.0.23.jar:8.0.23]
	at org.apache.catalina.core.ApplicationFilterChain.doFilter(ApplicationFilterChain.java:206) [tomcat-embed-core-8.0.23.jar:8.0.23]
	at org.springframework.boot.actuate.trace.WebRequestTraceFilter.doFilterInternal(WebRequestTraceFilter.java:102) [spring-boot-actuator-1.2.5.RELEASE.jar:1.2.5.RELEASE]
	at org.springframework.web.filter.OncePerRequestFilter.doFilter(OncePerRequestFilter.java:107) [spring-web-4.1.7.RELEASE.jar:4.1.7.RELEASE]
	at org.apache.catalina.core.ApplicationFilterChain.internalDoFilter(ApplicationFilterChain.java:239) [tomcat-embed-core-8.0.23.jar:8.0.23]
	at org.apache.catalina.core.ApplicationFilterChain.doFilter(ApplicationFilterChain.java:206) [tomcat-embed-core-8.0.23.jar:8.0.23]
	at org.grails.web.servlet.mvc.GrailsWebRequestFilter.doFilterInternal(GrailsWebRequestFilter.java:73) [grails-web-mvc-3.0.4.jar:3.0.4]
	at org.springframework.web.filter.OncePerRequestFilter.doFilter(OncePerRequestFilter.java:107) [spring-web-4.1.7.RELEASE.jar:4.1.7.RELEASE]
	at org.apache.catalina.core.ApplicationFilterChain.internalDoFilter(ApplicationFilterChain.java:239) [tomcat-embed-core-8.0.23.jar:8.0.23]
	at org.apache.catalina.core.ApplicationFilterChain.doFilter(ApplicationFilterChain.java:206) [tomcat-embed-core-8.0.23.jar:8.0.23]
	at org.grails.web.filters.HiddenHttpMethodFilter.doFilterInternal(HiddenHttpMethodFilter.java:67) [grails-web-mvc-3.0.4.jar:3.0.4]
	at org.springframework.web.filter.OncePerRequestFilter.doFilter(OncePerRequestFilter.java:107) [spring-web-4.1.7.RELEASE.jar:4.1.7.RELEASE]
	at org.apache.catalina.core.ApplicationFilterChain.internalDoFilter(ApplicationFilterChain.java:239) [tomcat-embed-core-8.0.23.jar:8.0.23]
	at org.apache.catalina.core.ApplicationFilterChain.doFilter(ApplicationFilterChain.java:206) [tomcat-embed-core-8.0.23.jar:8.0.23]
	at org.springframework.web.filter.CharacterEncodingFilter.doFilterInternal(CharacterEncodingFilter.java:85) [spring-web-4.1.7.RELEASE.jar:4.1.7.RELEASE]
	at org.springframework.web.filter.OncePerRequestFilter.doFilter(OncePerRequestFilter.java:107) [spring-web-4.1.7.RELEASE.jar:4.1.7.RELEASE]
	at org.apache.catalina.core.ApplicationFilterChain.internalDoFilter(ApplicationFilterChain.java:239) [tomcat-embed-core-8.0.23.jar:8.0.23]
	at org.apache.catalina.core.ApplicationFilterChain.doFilter(ApplicationFilterChain.java:206) [tomcat-embed-core-8.0.23.jar:8.0.23]
	at org.springframework.boot.actuate.autoconfigure.MetricsFilter.doFilterInternal(MetricsFilter.java:68) [spring-boot-actuator-1.2.5.RELEASE.jar:1.2.5.RELEASE]
	at org.springframework.web.filter.OncePerRequestFilter.doFilter(OncePerRequestFilter.java:107) [spring-web-4.1.7.RELEASE.jar:4.1.7.RELEASE]
	at org.apache.catalina.core.ApplicationFilterChain.internalDoFilter(ApplicationFilterChain.java:239) [tomcat-embed-core-8.0.23.jar:8.0.23]
	at org.apache.catalina.core.ApplicationFilterChain.doFilter(ApplicationFilterChain.java:206) [tomcat-embed-core-8.0.23.jar:8.0.23]
	at org.apache.catalina.core.StandardWrapperValve.invoke(StandardWrapperValve.java:219) [tomcat-embed-core-8.0.23.jar:8.0.23]
	at org.apache.catalina.core.StandardContextValve.invoke(StandardContextValve.java:106) [tomcat-embed-core-8.0.23.jar:8.0.23]
	at org.apache.catalina.authenticator.AuthenticatorBase.invoke(AuthenticatorBase.java:502) [tomcat-embed-core-8.0.23.jar:8.0.23]
	at org.apache.catalina.core.StandardHostValve.invoke(StandardHostValve.java:142) [tomcat-embed-core-8.0.23.jar:8.0.23]
	at org.apache.catalina.valves.ErrorReportValve.invoke(ErrorReportValve.java:79) [tomcat-embed-core-8.0.23.jar:8.0.23]
	at org.apache.catalina.core.StandardEngineValve.invoke(StandardEngineValve.java:88) [tomcat-embed-core-8.0.23.jar:8.0.23]
	at org.apache.catalina.connector.CoyoteAdapter.service(CoyoteAdapter.java:518) [tomcat-embed-core-8.0.23.jar:8.0.23]
	at org.apache.coyote.http11.AbstractHttp11Processor.process(AbstractHttp11Processor.java:1091) [tomcat-embed-core-8.0.23.jar:8.0.23]
	at org.apache.coyote.AbstractProtocol$AbstractConnectionHandler.process(AbstractProtocol.java:668) [tomcat-embed-core-8.0.23.jar:8.0.23]
	at org.apache.tomcat.util.net.NioEndpoint$SocketProcessor.doRun(NioEndpoint.java:1521) [tomcat-embed-core-8.0.23.jar:8.0.23]
	at org.apache.tomcat.util.net.NioEndpoint$SocketProcessor.run(NioEndpoint.java:1478) [tomcat-embed-core-8.0.23.jar:8.0.23]
	at java.util.concurrent.ThreadPoolExecutor.runWorker(ThreadPoolExecutor.java:1142) [na:1.8.0_51]
	at java.util.concurrent.ThreadPoolExecutor$Worker.run(ThreadPoolExecutor.java:617) [na:1.8.0_51]
	at org.apache.tomcat.util.threads.TaskThread$WrappingRunnable.run(TaskThread.java:61) [tomcat-embed-core-8.0.23.jar:8.0.23]
	at java.lang.Thread.run(Thread.java:745) [na:1.8.0_51]
ERROR StackTrace - Full Stack Trace:
java.lang.reflect.InvocationTargetException: null
	at java.util.concurrent.ThreadPoolExecutor.runWorker(ThreadPoolExecutor.java:1142) ~[na:1.8.0_51]
	at java.util.concurrent.ThreadPoolExecutor$Worker.run(ThreadPoolExecutor.java:617) ~[na:1.8.0_51]
	at java.lang.Thread.run(Thread.java:745) [na:1.8.0_51]
Caused by: groovy.lang.MissingPropertyException: No such property: pdfStream for class: newapp.ReportController
	at grails.artefact.gsp.TagLibraryInvoker$Trait$Helper.propertyMissing(TagLibraryInvoker.groovy:123) ~[grails-web-taglib-3.0.4.jar:3.0.4]
	at newapp.ReportController$$EPL8bAVf.index(ReportController.groovy:38) ~[na:na]
	... 3 common frames omitted
ERROR StackTrace - Full Stack Trace:
java.lang.reflect.InvocationTargetException: null
	at newapp.ReportController$$FastClassByCGLIB$$7e1151dd_4$$EPL8bSlT.invoke(<generated>) ~[na:na]
	at newapp.ReportController$$FastClassByCGLIB$$7e1151dd_4$$DPL8bSlT.invoke(Unknown Source) ~[na:na]
	at newapp.ReportController$$FastClassByCGLIB$$7e1151dd_4.invoke(<generated>) ~[spring-core-4.1.7.RELEASE.jar:na]
	at org.springframework.cglib.reflect.FastMethod.invoke(FastMethod.java:53) ~[spring-core-4.1.7.RELEASE.jar:4.1.7.RELEASE]
	at org.grails.core.DefaultGrailsControllerClass.invoke(DefaultGrailsControllerClass.java:146) ~[grails-core-3.0.4.jar:3.0.4]
	at org.grails.web.mapping.mvc.UrlMappingsInfoHandlerAdapter.handle(UrlMappingsInfoHandlerAdapter.groovy:87) ~[grails-web-url-mappings-3.0.4.jar:3.0.4]
	at org.springframework.web.servlet.DispatcherServlet.doDispatch(DispatcherServlet.java:959) [spring-webmvc-4.1.7.RELEASE.jar:4.1.7.RELEASE]
	at org.springframework.web.servlet.DispatcherServlet.doService(DispatcherServlet.java:893) [spring-webmvc-4.1.7.RELEASE.jar:4.1.7.RELEASE]
	at org.springframework.web.servlet.FrameworkServlet.processRequest(FrameworkServlet.java:967) [spring-webmvc-4.1.7.RELEASE.jar:4.1.7.RELEASE]
	at org.springframework.web.servlet.FrameworkServlet.doGet(FrameworkServlet.java:858) [spring-webmvc-4.1.7.RELEASE.jar:4.1.7.RELEASE]
	at javax.servlet.http.HttpServlet.service(HttpServlet.java:622) [tomcat-embed-core-8.0.23.jar:8.0.23]
	at org.springframework.web.servlet.FrameworkServlet.service(FrameworkServlet.java:843) [spring-webmvc-4.1.7.RELEASE.jar:4.1.7.RELEASE]
	at javax.servlet.http.HttpServlet.service(HttpServlet.java:729) [tomcat-embed-core-8.0.23.jar:8.0.23]
	at org.apache.catalina.core.ApplicationFilterChain.internalDoFilter(ApplicationFilterChain.java:291) [tomcat-embed-core-8.0.23.jar:8.0.23]
	at org.apache.catalina.core.ApplicationFilterChain.doFilter(ApplicationFilterChain.java:206) [tomcat-embed-core-8.0.23.jar:8.0.23]
	at org.apache.tomcat.websocket.server.WsFilter.doFilter(WsFilter.java:52) [tomcat-embed-websocket-8.0.23.jar:8.0.23]
	at org.apache.catalina.core.ApplicationFilterChain.internalDoFilter(ApplicationFilterChain.java:239) [tomcat-embed-core-8.0.23.jar:8.0.23]
	at org.apache.catalina.core.ApplicationFilterChain.doFilter(ApplicationFilterChain.java:206) [tomcat-embed-core-8.0.23.jar:8.0.23]
	at org.springframework.boot.actuate.autoconfigure.EndpointWebMvcAutoConfiguration$ApplicationContextHeaderFilter.doFilterInternal(EndpointWebMvcAutoConfiguration.java:295) [spring-boot-actuator-1.2.5.RELEASE.jar:1.2.5.RELEASE]
	at org.springframework.web.filter.OncePerRequestFilter.doFilter(OncePerRequestFilter.java:107) [spring-web-4.1.7.RELEASE.jar:4.1.7.RELEASE]
	at org.apache.catalina.core.ApplicationFilterChain.internalDoFilter(ApplicationFilterChain.java:239) [tomcat-embed-core-8.0.23.jar:8.0.23]
	at org.apache.catalina.core.ApplicationFilterChain.doFilter(ApplicationFilterChain.java:206) [tomcat-embed-core-8.0.23.jar:8.0.23]
	at org.springframework.boot.actuate.trace.WebRequestTraceFilter.doFilterInternal(WebRequestTraceFilter.java:102) [spring-boot-actuator-1.2.5.RELEASE.jar:1.2.5.RELEASE]
	at org.springframework.web.filter.OncePerRequestFilter.doFilter(OncePerRequestFilter.java:107) [spring-web-4.1.7.RELEASE.jar:4.1.7.RELEASE]
	at org.apache.catalina.core.ApplicationFilterChain.internalDoFilter(ApplicationFilterChain.java:239) [tomcat-embed-core-8.0.23.jar:8.0.23]
	at org.apache.catalina.core.ApplicationFilterChain.doFilter(ApplicationFilterChain.java:206) [tomcat-embed-core-8.0.23.jar:8.0.23]
	at org.grails.web.servlet.mvc.GrailsWebRequestFilter.doFilterInternal(GrailsWebRequestFilter.java:73) [grails-web-mvc-3.0.4.jar:3.0.4]
	at org.springframework.web.filter.OncePerRequestFilter.doFilter(OncePerRequestFilter.java:107) [spring-web-4.1.7.RELEASE.jar:4.1.7.RELEASE]
	at org.apache.catalina.core.ApplicationFilterChain.internalDoFilter(ApplicationFilterChain.java:239) [tomcat-embed-core-8.0.23.jar:8.0.23]
	at org.apache.catalina.core.ApplicationFilterChain.doFilter(ApplicationFilterChain.java:206) [tomcat-embed-core-8.0.23.jar:8.0.23]
	at org.grails.web.filters.HiddenHttpMethodFilter.doFilterInternal(HiddenHttpMethodFilter.java:67) [grails-web-mvc-3.0.4.jar:3.0.4]
	at org.springframework.web.filter.OncePerRequestFilter.doFilter(OncePerRequestFilter.java:107) [spring-web-4.1.7.RELEASE.jar:4.1.7.RELEASE]
	at org.apache.catalina.core.ApplicationFilterChain.internalDoFilter(ApplicationFilterChain.java:239) [tomcat-embed-core-8.0.23.jar:8.0.23]
	at org.apache.catalina.core.ApplicationFilterChain.doFilter(ApplicationFilterChain.java:206) [tomcat-embed-core-8.0.23.jar:8.0.23]
	at org.springframework.web.filter.CharacterEncodingFilter.doFilterInternal(CharacterEncodingFilter.java:85) [spring-web-4.1.7.RELEASE.jar:4.1.7.RELEASE]
	at org.springframework.web.filter.OncePerRequestFilter.doFilter(OncePerRequestFilter.java:107) [spring-web-4.1.7.RELEASE.jar:4.1.7.RELEASE]
	at org.apache.catalina.core.ApplicationFilterChain.internalDoFilter(ApplicationFilterChain.java:239) [tomcat-embed-core-8.0.23.jar:8.0.23]
	at org.apache.catalina.core.ApplicationFilterChain.doFilter(ApplicationFilterChain.java:206) [tomcat-embed-core-8.0.23.jar:8.0.23]
	at org.springframework.boot.actuate.autoconfigure.MetricsFilter.doFilterInternal(MetricsFilter.java:68) [spring-boot-actuator-1.2.5.RELEASE.jar:1.2.5.RELEASE]
	at org.springframework.web.filter.OncePerRequestFilter.doFilter(OncePerRequestFilter.java:107) [spring-web-4.1.7.RELEASE.jar:4.1.7.RELEASE]
	at org.apache.catalina.core.ApplicationFilterChain.internalDoFilter(ApplicationFilterChain.java:239) [tomcat-embed-core-8.0.23.jar:8.0.23]
	at org.apache.catalina.core.ApplicationFilterChain.doFilter(ApplicationFilterChain.java:206) [tomcat-embed-core-8.0.23.jar:8.0.23]
	at org.apache.catalina.core.StandardWrapperValve.invoke(StandardWrapperValve.java:219) [tomcat-embed-core-8.0.23.jar:8.0.23]
	at org.apache.catalina.core.StandardContextValve.invoke(StandardContextValve.java:106) [tomcat-embed-core-8.0.23.jar:8.0.23]
	at org.apache.catalina.authenticator.AuthenticatorBase.invoke(AuthenticatorBase.java:502) [tomcat-embed-core-8.0.23.jar:8.0.23]
	at org.apache.catalina.core.StandardHostValve.invoke(StandardHostValve.java:142) [tomcat-embed-core-8.0.23.jar:8.0.23]
	at org.apache.catalina.valves.ErrorReportValve.invoke(ErrorReportValve.java:79) [tomcat-embed-core-8.0.23.jar:8.0.23]
	at org.apache.catalina.core.StandardEngineValve.invoke(StandardEngineValve.java:88) [tomcat-embed-core-8.0.23.jar:8.0.23]
	at org.apache.catalina.connector.CoyoteAdapter.service(CoyoteAdapter.java:518) [tomcat-embed-core-8.0.23.jar:8.0.23]
	at org.apache.coyote.http11.AbstractHttp11Processor.process(AbstractHttp11Processor.java:1091) [tomcat-embed-core-8.0.23.jar:8.0.23]
	at org.apache.coyote.AbstractProtocol$AbstractConnectionHandler.process(AbstractProtocol.java:668) [tomcat-embed-core-8.0.23.jar:8.0.23]
	at org.apache.tomcat.util.net.NioEndpoint$SocketProcessor.doRun(NioEndpoint.java:1521) [tomcat-embed-core-8.0.23.jar:8.0.23]
	at org.apache.tomcat.util.net.NioEndpoint$SocketProcessor.run(NioEndpoint.java:1478) [tomcat-embed-core-8.0.23.jar:8.0.23]
	at java.util.concurrent.ThreadPoolExecutor.runWorker(ThreadPoolExecutor.java:1142) [na:1.8.0_51]
	at java.util.concurrent.ThreadPoolExecutor$Worker.run(ThreadPoolExecutor.java:617) [na:1.8.0_51]
	at org.apache.tomcat.util.threads.TaskThread$WrappingRunnable.run(TaskThread.java:61) [tomcat-embed-core-8.0.23.jar:8.0.23]
	at java.lang.Thread.run(Thread.java:745) [na:1.8.0_51]
Caused by: groovy.lang.MissingPropertyException: No such property: pdfStream for class: newapp.ReportController
	at grails.artefact.gsp.TagLibraryInvoker$Trait$Helper.propertyMissing(TagLibraryInvoker.groovy:123) ~[grails-web-taglib-3.0.4.jar:3.0.4]
	at grails.artefact.gsp.TagLibraryInvoker$Trait$Helper$propertyMissing$1.call(Unknown Source) ~[na:na]
	at org.codehaus.groovy.runtime.callsite.CallSiteArray.defaultCall(CallSiteArray.java:48) ~[groovy-2.4.4.jar:2.4.4]
	at org.codehaus.groovy.runtime.callsite.AbstractCallSite.call(AbstractCallSite.java:113) ~[groovy-2.4.4.jar:2.4.4]
	at org.codehaus.groovy.runtime.callsite.AbstractCallSite.call(AbstractCallSite.java:133) ~[groovy-2.4.4.jar:2.4.4]
	at newapp.ReportController$$EPL8bSlT.propertyMissing(ReportController.groovy) ~[na:na]
	at sun.reflect.NativeMethodAccessorImpl.invoke0(Native Method) ~[na:1.8.0_51]
	at sun.reflect.NativeMethodAccessorImpl.invoke(NativeMethodAccessorImpl.java:62) ~[na:1.8.0_51]
	at sun.reflect.DelegatingMethodAccessorImpl.invoke(DelegatingMethodAccessorImpl.java:43) ~[na:1.8.0_51]
	at java.lang.reflect.Method.invoke(Method.java:497) ~[na:1.8.0_51]
	at org.springsource.loaded.ri.ReloadedTypeInvoker$2.invoke(ReloadedTypeInvoker.java:133) ~[springloaded-1.2.4.RELEASE.jar:1.2.4.RELEASE]
	at org.springsource.loaded.ri.ReflectiveInterceptor.jlrMethodInvoke(ReflectiveInterceptor.java:1459) ~[springloaded-1.2.4.RELEASE.jar:1.2.4.RELEASE]
	at org.codehaus.groovy.reflection.CachedMethod.invoke(CachedMethod.java:93) ~[groovy-2.4.4.jar:2.4.4]
	at groovy.lang.MetaClassImpl.invokeMissingProperty(MetaClassImpl.java:877) ~[groovy-2.4.4.jar:2.4.4]
	at groovy.lang.MetaClassImpl.getProperty(MetaClassImpl.java:1856) ~[groovy-2.4.4.jar:2.4.4]
	at groovy.lang.ExpandoMetaClass.getProperty(ExpandoMetaClass.java:1153) ~[groovy-2.4.4.jar:2.4.4]
	at groovy.lang.MetaClassImpl.getProperty(MetaClassImpl.java:3737) ~[groovy-2.4.4.jar:2.4.4]
	at groovy.lang.ExpandoMetaClass.getProperty(ExpandoMetaClass.java:1165) ~[groovy-2.4.4.jar:2.4.4]
	at org.codehaus.groovy.runtime.callsite.PogoMetaClassGetPropertySite.getProperty(PogoMetaClassGetPropertySite.java:51) ~[groovy-2.4.4.jar:2.4.4]
	at org.codehaus.groovy.runtime.callsite.AbstractCallSite.callGroovyObjectGetProperty(AbstractCallSite.java:307) ~[groovy-2.4.4.jar:2.4.4]
	at newapp.ReportController$$EPL8bSlT.index(ReportController.groovy:39) ~[na:na]
	at newapp.ReportController$$DPL8bSlT.index(Unknown Source) ~[na:na]
	at newapp.ReportController.index(ReportController.groovy) ~[main/:na]
	... 57 common frames omitted
ERROR StackTrace - Full Stack Trace:
groovy.lang.MissingPropertyException: No such property: pdfStream for class: newapp.ReportController
	at grails.artefact.gsp.TagLibraryInvoker$Trait$Helper.propertyMissing(TagLibraryInvoker.groovy:123) ~[grails-web-taglib-3.0.4.jar:3.0.4]
	at grails.artefact.gsp.TagLibraryInvoker$Trait$Helper$propertyMissing$1.call(Unknown Source) ~[na:na]
	at org.codehaus.groovy.runtime.callsite.CallSiteArray.defaultCall(CallSiteArray.java:48) ~[groovy-2.4.4.jar:2.4.4]
	at org.codehaus.groovy.runtime.callsite.AbstractCallSite.call(AbstractCallSite.java:113) ~[groovy-2.4.4.jar:2.4.4]
	at org.codehaus.groovy.runtime.callsite.AbstractCallSite.call(AbstractCallSite.java:133) ~[groovy-2.4.4.jar:2.4.4]
	at newapp.ReportController$$EPL8bSlT.propertyMissing(ReportController.groovy) ~[na:na]
	at sun.reflect.NativeMethodAccessorImpl.invoke0(Native Method) ~[na:1.8.0_51]
	at sun.reflect.NativeMethodAccessorImpl.invoke(NativeMethodAccessorImpl.java:62) ~[na:1.8.0_51]
	at sun.reflect.DelegatingMethodAccessorImpl.invoke(DelegatingMethodAccessorImpl.java:43) ~[na:1.8.0_51]
	at java.lang.reflect.Method.invoke(Method.java:497) ~[na:1.8.0_51]
	at org.springsource.loaded.ri.ReloadedTypeInvoker$2.invoke(ReloadedTypeInvoker.java:133) ~[springloaded-1.2.4.RELEASE.jar:1.2.4.RELEASE]
	at org.springsource.loaded.ri.ReflectiveInterceptor.jlrMethodInvoke(ReflectiveInterceptor.java:1459) ~[springloaded-1.2.4.RELEASE.jar:1.2.4.RELEASE]
	at org.codehaus.groovy.reflection.CachedMethod.invoke(CachedMethod.java:93) ~[groovy-2.4.4.jar:2.4.4]
	at groovy.lang.MetaClassImpl.invokeMissingProperty(MetaClassImpl.java:877) ~[groovy-2.4.4.jar:2.4.4]
	at groovy.lang.MetaClassImpl.getProperty(MetaClassImpl.java:1856) ~[groovy-2.4.4.jar:2.4.4]
	at groovy.lang.ExpandoMetaClass.getProperty(ExpandoMetaClass.java:1153) ~[groovy-2.4.4.jar:2.4.4]
	at groovy.lang.MetaClassImpl.getProperty(MetaClassImpl.java:3737) ~[groovy-2.4.4.jar:2.4.4]
	at groovy.lang.ExpandoMetaClass.getProperty(ExpandoMetaClass.java:1165) ~[groovy-2.4.4.jar:2.4.4]
	at org.codehaus.groovy.runtime.callsite.PogoMetaClassGetPropertySite.getProperty(PogoMetaClassGetPropertySite.java:51) ~[groovy-2.4.4.jar:2.4.4]
	at org.codehaus.groovy.runtime.callsite.AbstractCallSite.callGroovyObjectGetProperty(AbstractCallSite.java:307) ~[groovy-2.4.4.jar:2.4.4]
	at newapp.ReportController$$EPL8bSlT.index(ReportController.groovy:39) ~[na:na]
	at newapp.ReportController$$DPL8bSlT.index(Unknown Source) ~[na:na]
	at newapp.ReportController.index(ReportController.groovy) ~[main/:na]
	at newapp.ReportController$$FastClassByCGLIB$$7e1151dd_4$$EPL8bSlT.invoke(<generated>) ~[na:na]
	at newapp.ReportController$$FastClassByCGLIB$$7e1151dd_4$$DPL8bSlT.invoke(Unknown Source) ~[na:na]
	at newapp.ReportController$$FastClassByCGLIB$$7e1151dd_4.invoke(<generated>) ~[spring-core-4.1.7.RELEASE.jar:na]
	at org.springframework.cglib.reflect.FastMethod.invoke(FastMethod.java:53) ~[spring-core-4.1.7.RELEASE.jar:4.1.7.RELEASE]
	at org.grails.core.DefaultGrailsControllerClass.invoke(DefaultGrailsControllerClass.java:146) ~[grails-core-3.0.4.jar:3.0.4]
	at org.grails.web.mapping.mvc.UrlMappingsInfoHandlerAdapter.handle(UrlMappingsInfoHandlerAdapter.groovy:87) ~[grails-web-url-mappings-3.0.4.jar:3.0.4]
	at org.springframework.web.servlet.DispatcherServlet.doDispatch(DispatcherServlet.java:959) [spring-webmvc-4.1.7.RELEASE.jar:4.1.7.RELEASE]
	at org.springframework.web.servlet.DispatcherServlet.doService(DispatcherServlet.java:893) [spring-webmvc-4.1.7.RELEASE.jar:4.1.7.RELEASE]
	at org.springframework.web.servlet.FrameworkServlet.processRequest(FrameworkServlet.java:967) [spring-webmvc-4.1.7.RELEASE.jar:4.1.7.RELEASE]
	at org.springframework.web.servlet.FrameworkServlet.doGet(FrameworkServlet.java:858) [spring-webmvc-4.1.7.RELEASE.jar:4.1.7.RELEASE]
	at javax.servlet.http.HttpServlet.service(HttpServlet.java:622) [tomcat-embed-core-8.0.23.jar:8.0.23]
	at org.springframework.web.servlet.FrameworkServlet.service(FrameworkServlet.java:843) [spring-webmvc-4.1.7.RELEASE.jar:4.1.7.RELEASE]
	at javax.servlet.http.HttpServlet.service(HttpServlet.java:729) [tomcat-embed-core-8.0.23.jar:8.0.23]
	at org.apache.catalina.core.ApplicationFilterChain.internalDoFilter(ApplicationFilterChain.java:291) [tomcat-embed-core-8.0.23.jar:8.0.23]
	at org.apache.catalina.core.ApplicationFilterChain.doFilter(ApplicationFilterChain.java:206) [tomcat-embed-core-8.0.23.jar:8.0.23]
	at org.apache.tomcat.websocket.server.WsFilter.doFilter(WsFilter.java:52) [tomcat-embed-websocket-8.0.23.jar:8.0.23]
	at org.apache.catalina.core.ApplicationFilterChain.internalDoFilter(ApplicationFilterChain.java:239) [tomcat-embed-core-8.0.23.jar:8.0.23]
	at org.apache.catalina.core.ApplicationFilterChain.doFilter(ApplicationFilterChain.java:206) [tomcat-embed-core-8.0.23.jar:8.0.23]
	at org.springframework.boot.actuate.autoconfigure.EndpointWebMvcAutoConfiguration$ApplicationContextHeaderFilter.doFilterInternal(EndpointWebMvcAutoConfiguration.java:295) [spring-boot-actuator-1.2.5.RELEASE.jar:1.2.5.RELEASE]
	at org.springframework.web.filter.OncePerRequestFilter.doFilter(OncePerRequestFilter.java:107) [spring-web-4.1.7.RELEASE.jar:4.1.7.RELEASE]
	at org.apache.catalina.core.ApplicationFilterChain.internalDoFilter(ApplicationFilterChain.java:239) [tomcat-embed-core-8.0.23.jar:8.0.23]
	at org.apache.catalina.core.ApplicationFilterChain.doFilter(ApplicationFilterChain.java:206) [tomcat-embed-core-8.0.23.jar:8.0.23]
	at org.springframework.boot.actuate.trace.WebRequestTraceFilter.doFilterInternal(WebRequestTraceFilter.java:102) [spring-boot-actuator-1.2.5.RELEASE.jar:1.2.5.RELEASE]
	at org.springframework.web.filter.OncePerRequestFilter.doFilter(OncePerRequestFilter.java:107) [spring-web-4.1.7.RELEASE.jar:4.1.7.RELEASE]
	at org.apache.catalina.core.ApplicationFilterChain.internalDoFilter(ApplicationFilterChain.java:239) [tomcat-embed-core-8.0.23.jar:8.0.23]
	at org.apache.catalina.core.ApplicationFilterChain.doFilter(ApplicationFilterChain.java:206) [tomcat-embed-core-8.0.23.jar:8.0.23]
	at org.grails.web.servlet.mvc.GrailsWebRequestFilter.doFilterInternal(GrailsWebRequestFilter.java:73) [grails-web-mvc-3.0.4.jar:3.0.4]
	at org.springframework.web.filter.OncePerRequestFilter.doFilter(OncePerRequestFilter.java:107) [spring-web-4.1.7.RELEASE.jar:4.1.7.RELEASE]
	at org.apache.catalina.core.ApplicationFilterChain.internalDoFilter(ApplicationFilterChain.java:239) [tomcat-embed-core-8.0.23.jar:8.0.23]
	at org.apache.catalina.core.ApplicationFilterChain.doFilter(ApplicationFilterChain.java:206) [tomcat-embed-core-8.0.23.jar:8.0.23]
	at org.grails.web.filters.HiddenHttpMethodFilter.doFilterInternal(HiddenHttpMethodFilter.java:67) [grails-web-mvc-3.0.4.jar:3.0.4]
	at org.springframework.web.filter.OncePerRequestFilter.doFilter(OncePerRequestFilter.java:107) [spring-web-4.1.7.RELEASE.jar:4.1.7.RELEASE]
	at org.apache.catalina.core.ApplicationFilterChain.internalDoFilter(ApplicationFilterChain.java:239) [tomcat-embed-core-8.0.23.jar:8.0.23]
	at org.apache.catalina.core.ApplicationFilterChain.doFilter(ApplicationFilterChain.java:206) [tomcat-embed-core-8.0.23.jar:8.0.23]
	at org.springframework.web.filter.CharacterEncodingFilter.doFilterInternal(CharacterEncodingFilter.java:85) [spring-web-4.1.7.RELEASE.jar:4.1.7.RELEASE]
	at org.springframework.web.filter.OncePerRequestFilter.doFilter(OncePerRequestFilter.java:107) [spring-web-4.1.7.RELEASE.jar:4.1.7.RELEASE]
	at org.apache.catalina.core.ApplicationFilterChain.internalDoFilter(ApplicationFilterChain.java:239) [tomcat-embed-core-8.0.23.jar:8.0.23]
	at org.apache.catalina.core.ApplicationFilterChain.doFilter(ApplicationFilterChain.java:206) [tomcat-embed-core-8.0.23.jar:8.0.23]
	at org.springframework.boot.actuate.autoconfigure.MetricsFilter.doFilterInternal(MetricsFilter.java:68) [spring-boot-actuator-1.2.5.RELEASE.jar:1.2.5.RELEASE]
	at org.springframework.web.filter.OncePerRequestFilter.doFilter(OncePerRequestFilter.java:107) [spring-web-4.1.7.RELEASE.jar:4.1.7.RELEASE]
	at org.apache.catalina.core.ApplicationFilterChain.internalDoFilter(ApplicationFilterChain.java:239) [tomcat-embed-core-8.0.23.jar:8.0.23]
	at org.apache.catalina.core.ApplicationFilterChain.doFilter(ApplicationFilterChain.java:206) [tomcat-embed-core-8.0.23.jar:8.0.23]
	at org.apache.catalina.core.StandardWrapperValve.invoke(StandardWrapperValve.java:219) [tomcat-embed-core-8.0.23.jar:8.0.23]
	at org.apache.catalina.core.StandardContextValve.invoke(StandardContextValve.java:106) [tomcat-embed-core-8.0.23.jar:8.0.23]
	at org.apache.catalina.authenticator.AuthenticatorBase.invoke(AuthenticatorBase.java:502) [tomcat-embed-core-8.0.23.jar:8.0.23]
	at org.apache.catalina.core.StandardHostValve.invoke(StandardHostValve.java:142) [tomcat-embed-core-8.0.23.jar:8.0.23]
	at org.apache.catalina.valves.ErrorReportValve.invoke(ErrorReportValve.java:79) [tomcat-embed-core-8.0.23.jar:8.0.23]
	at org.apache.catalina.core.StandardEngineValve.invoke(StandardEngineValve.java:88) [tomcat-embed-core-8.0.23.jar:8.0.23]
	at org.apache.catalina.connector.CoyoteAdapter.service(CoyoteAdapter.java:518) [tomcat-embed-core-8.0.23.jar:8.0.23]
	at org.apache.coyote.http11.AbstractHttp11Processor.process(AbstractHttp11Processor.java:1091) [tomcat-embed-core-8.0.23.jar:8.0.23]
	at org.apache.coyote.AbstractProtocol$AbstractConnectionHandler.process(AbstractProtocol.java:668) [tomcat-embed-core-8.0.23.jar:8.0.23]
	at org.apache.tomcat.util.net.NioEndpoint$SocketProcessor.doRun(NioEndpoint.java:1521) [tomcat-embed-core-8.0.23.jar:8.0.23]
	at org.apache.tomcat.util.net.NioEndpoint$SocketProcessor.run(NioEndpoint.java:1478) [tomcat-embed-core-8.0.23.jar:8.0.23]
	at java.util.concurrent.ThreadPoolExecutor.runWorker(ThreadPoolExecutor.java:1142) [na:1.8.0_51]
	at java.util.concurrent.ThreadPoolExecutor$Worker.run(ThreadPoolExecutor.java:617) [na:1.8.0_51]
	at org.apache.tomcat.util.threads.TaskThread$WrappingRunnable.run(TaskThread.java:61) [tomcat-embed-core-8.0.23.jar:8.0.23]
	at java.lang.Thread.run(Thread.java:745) [na:1.8.0_51]
ERROR StackTrace - Full Stack Trace:
java.lang.reflect.InvocationTargetException: null
	at java.util.concurrent.ThreadPoolExecutor.runWorker(ThreadPoolExecutor.java:1142) ~[na:1.8.0_51]
	at java.util.concurrent.ThreadPoolExecutor$Worker.run(ThreadPoolExecutor.java:617) ~[na:1.8.0_51]
	at java.lang.Thread.run(Thread.java:745) [na:1.8.0_51]
Caused by: groovy.lang.MissingPropertyException: No such property: pdfStream for class: newapp.ReportController
	at grails.artefact.gsp.TagLibraryInvoker$Trait$Helper.propertyMissing(TagLibraryInvoker.groovy:123) ~[grails-web-taglib-3.0.4.jar:3.0.4]
	at newapp.ReportController$$EPL8bSlT.index(ReportController.groovy:39) ~[na:na]
	... 3 common frames omitted
ERROR StackTrace - Full Stack Trace:
java.lang.reflect.InvocationTargetException: null
	at newapp.ReportController$$FastClassByCGLIB$$7e1151dd_4$$EPL8bSlT.invoke(<generated>) ~[na:na]
	at newapp.ReportController$$FastClassByCGLIB$$7e1151dd_4$$DPL8bSlT.invoke(Unknown Source) ~[na:na]
	at newapp.ReportController$$FastClassByCGLIB$$7e1151dd_4.invoke(<generated>) ~[spring-core-4.1.7.RELEASE.jar:na]
	at org.springframework.cglib.reflect.FastMethod.invoke(FastMethod.java:53) ~[spring-core-4.1.7.RELEASE.jar:4.1.7.RELEASE]
	at org.grails.core.DefaultGrailsControllerClass.invoke(DefaultGrailsControllerClass.java:146) ~[grails-core-3.0.4.jar:3.0.4]
	at org.grails.web.mapping.mvc.UrlMappingsInfoHandlerAdapter.handle(UrlMappingsInfoHandlerAdapter.groovy:87) ~[grails-web-url-mappings-3.0.4.jar:3.0.4]
	at org.springframework.web.servlet.DispatcherServlet.doDispatch(DispatcherServlet.java:959) [spring-webmvc-4.1.7.RELEASE.jar:4.1.7.RELEASE]
	at org.springframework.web.servlet.DispatcherServlet.doService(DispatcherServlet.java:893) [spring-webmvc-4.1.7.RELEASE.jar:4.1.7.RELEASE]
	at org.springframework.web.servlet.FrameworkServlet.processRequest(FrameworkServlet.java:967) [spring-webmvc-4.1.7.RELEASE.jar:4.1.7.RELEASE]
	at org.springframework.web.servlet.FrameworkServlet.doGet(FrameworkServlet.java:858) [spring-webmvc-4.1.7.RELEASE.jar:4.1.7.RELEASE]
	at javax.servlet.http.HttpServlet.service(HttpServlet.java:622) [tomcat-embed-core-8.0.23.jar:8.0.23]
	at org.springframework.web.servlet.FrameworkServlet.service(FrameworkServlet.java:843) [spring-webmvc-4.1.7.RELEASE.jar:4.1.7.RELEASE]
	at javax.servlet.http.HttpServlet.service(HttpServlet.java:729) [tomcat-embed-core-8.0.23.jar:8.0.23]
	at org.apache.catalina.core.ApplicationFilterChain.internalDoFilter(ApplicationFilterChain.java:291) [tomcat-embed-core-8.0.23.jar:8.0.23]
	at org.apache.catalina.core.ApplicationFilterChain.doFilter(ApplicationFilterChain.java:206) [tomcat-embed-core-8.0.23.jar:8.0.23]
	at org.apache.tomcat.websocket.server.WsFilter.doFilter(WsFilter.java:52) [tomcat-embed-websocket-8.0.23.jar:8.0.23]
	at org.apache.catalina.core.ApplicationFilterChain.internalDoFilter(ApplicationFilterChain.java:239) [tomcat-embed-core-8.0.23.jar:8.0.23]
	at org.apache.catalina.core.ApplicationFilterChain.doFilter(ApplicationFilterChain.java:206) [tomcat-embed-core-8.0.23.jar:8.0.23]
	at org.springframework.boot.actuate.autoconfigure.EndpointWebMvcAutoConfiguration$ApplicationContextHeaderFilter.doFilterInternal(EndpointWebMvcAutoConfiguration.java:295) [spring-boot-actuator-1.2.5.RELEASE.jar:1.2.5.RELEASE]
	at org.springframework.web.filter.OncePerRequestFilter.doFilter(OncePerRequestFilter.java:107) [spring-web-4.1.7.RELEASE.jar:4.1.7.RELEASE]
	at org.apache.catalina.core.ApplicationFilterChain.internalDoFilter(ApplicationFilterChain.java:239) [tomcat-embed-core-8.0.23.jar:8.0.23]
	at org.apache.catalina.core.ApplicationFilterChain.doFilter(ApplicationFilterChain.java:206) [tomcat-embed-core-8.0.23.jar:8.0.23]
	at org.springframework.boot.actuate.trace.WebRequestTraceFilter.doFilterInternal(WebRequestTraceFilter.java:102) [spring-boot-actuator-1.2.5.RELEASE.jar:1.2.5.RELEASE]
	at org.springframework.web.filter.OncePerRequestFilter.doFilter(OncePerRequestFilter.java:107) [spring-web-4.1.7.RELEASE.jar:4.1.7.RELEASE]
	at org.apache.catalina.core.ApplicationFilterChain.internalDoFilter(ApplicationFilterChain.java:239) [tomcat-embed-core-8.0.23.jar:8.0.23]
	at org.apache.catalina.core.ApplicationFilterChain.doFilter(ApplicationFilterChain.java:206) [tomcat-embed-core-8.0.23.jar:8.0.23]
	at org.grails.web.servlet.mvc.GrailsWebRequestFilter.doFilterInternal(GrailsWebRequestFilter.java:73) [grails-web-mvc-3.0.4.jar:3.0.4]
	at org.springframework.web.filter.OncePerRequestFilter.doFilter(OncePerRequestFilter.java:107) [spring-web-4.1.7.RELEASE.jar:4.1.7.RELEASE]
	at org.apache.catalina.core.ApplicationFilterChain.internalDoFilter(ApplicationFilterChain.java:239) [tomcat-embed-core-8.0.23.jar:8.0.23]
	at org.apache.catalina.core.ApplicationFilterChain.doFilter(ApplicationFilterChain.java:206) [tomcat-embed-core-8.0.23.jar:8.0.23]
	at org.grails.web.filters.HiddenHttpMethodFilter.doFilterInternal(HiddenHttpMethodFilter.java:67) [grails-web-mvc-3.0.4.jar:3.0.4]
	at org.springframework.web.filter.OncePerRequestFilter.doFilter(OncePerRequestFilter.java:107) [spring-web-4.1.7.RELEASE.jar:4.1.7.RELEASE]
	at org.apache.catalina.core.ApplicationFilterChain.internalDoFilter(ApplicationFilterChain.java:239) [tomcat-embed-core-8.0.23.jar:8.0.23]
	at org.apache.catalina.core.ApplicationFilterChain.doFilter(ApplicationFilterChain.java:206) [tomcat-embed-core-8.0.23.jar:8.0.23]
	at org.springframework.web.filter.CharacterEncodingFilter.doFilterInternal(CharacterEncodingFilter.java:85) [spring-web-4.1.7.RELEASE.jar:4.1.7.RELEASE]
	at org.springframework.web.filter.OncePerRequestFilter.doFilter(OncePerRequestFilter.java:107) [spring-web-4.1.7.RELEASE.jar:4.1.7.RELEASE]
	at org.apache.catalina.core.ApplicationFilterChain.internalDoFilter(ApplicationFilterChain.java:239) [tomcat-embed-core-8.0.23.jar:8.0.23]
	at org.apache.catalina.core.ApplicationFilterChain.doFilter(ApplicationFilterChain.java:206) [tomcat-embed-core-8.0.23.jar:8.0.23]
	at org.springframework.boot.actuate.autoconfigure.MetricsFilter.doFilterInternal(MetricsFilter.java:68) [spring-boot-actuator-1.2.5.RELEASE.jar:1.2.5.RELEASE]
	at org.springframework.web.filter.OncePerRequestFilter.doFilter(OncePerRequestFilter.java:107) [spring-web-4.1.7.RELEASE.jar:4.1.7.RELEASE]
	at org.apache.catalina.core.ApplicationFilterChain.internalDoFilter(ApplicationFilterChain.java:239) [tomcat-embed-core-8.0.23.jar:8.0.23]
	at org.apache.catalina.core.ApplicationFilterChain.doFilter(ApplicationFilterChain.java:206) [tomcat-embed-core-8.0.23.jar:8.0.23]
	at org.apache.catalina.core.StandardWrapperValve.invoke(StandardWrapperValve.java:219) [tomcat-embed-core-8.0.23.jar:8.0.23]
	at org.apache.catalina.core.StandardContextValve.invoke(StandardContextValve.java:106) [tomcat-embed-core-8.0.23.jar:8.0.23]
	at org.apache.catalina.authenticator.AuthenticatorBase.invoke(AuthenticatorBase.java:502) [tomcat-embed-core-8.0.23.jar:8.0.23]
	at org.apache.catalina.core.StandardHostValve.invoke(StandardHostValve.java:142) [tomcat-embed-core-8.0.23.jar:8.0.23]
	at org.apache.catalina.valves.ErrorReportValve.invoke(ErrorReportValve.java:79) [tomcat-embed-core-8.0.23.jar:8.0.23]
	at org.apache.catalina.core.StandardEngineValve.invoke(StandardEngineValve.java:88) [tomcat-embed-core-8.0.23.jar:8.0.23]
	at org.apache.catalina.connector.CoyoteAdapter.service(CoyoteAdapter.java:518) [tomcat-embed-core-8.0.23.jar:8.0.23]
	at org.apache.coyote.http11.AbstractHttp11Processor.process(AbstractHttp11Processor.java:1091) [tomcat-embed-core-8.0.23.jar:8.0.23]
	at org.apache.coyote.AbstractProtocol$AbstractConnectionHandler.process(AbstractProtocol.java:668) [tomcat-embed-core-8.0.23.jar:8.0.23]
	at org.apache.tomcat.util.net.NioEndpoint$SocketProcessor.doRun(NioEndpoint.java:1521) [tomcat-embed-core-8.0.23.jar:8.0.23]
	at org.apache.tomcat.util.net.NioEndpoint$SocketProcessor.run(NioEndpoint.java:1478) [tomcat-embed-core-8.0.23.jar:8.0.23]
	at java.util.concurrent.ThreadPoolExecutor.runWorker(ThreadPoolExecutor.java:1142) [na:1.8.0_51]
	at java.util.concurrent.ThreadPoolExecutor$Worker.run(ThreadPoolExecutor.java:617) [na:1.8.0_51]
	at org.apache.tomcat.util.threads.TaskThread$WrappingRunnable.run(TaskThread.java:61) [tomcat-embed-core-8.0.23.jar:8.0.23]
	at java.lang.Thread.run(Thread.java:745) [na:1.8.0_51]
Caused by: groovy.lang.MissingPropertyException: No such property: pdfStream for class: newapp.ReportController
	at grails.artefact.gsp.TagLibraryInvoker$Trait$Helper.propertyMissing(TagLibraryInvoker.groovy:123) ~[grails-web-taglib-3.0.4.jar:3.0.4]
	at grails.artefact.gsp.TagLibraryInvoker$Trait$Helper$propertyMissing$1.call(Unknown Source) ~[na:na]
	at newapp.ReportController$$EPL8bSlT.propertyMissing(ReportController.groovy) ~[na:na]
	at sun.reflect.NativeMethodAccessorImpl.invoke0(Native Method) ~[na:1.8.0_51]
	at sun.reflect.NativeMethodAccessorImpl.invoke(NativeMethodAccessorImpl.java:62) ~[na:1.8.0_51]
	at sun.reflect.DelegatingMethodAccessorImpl.invoke(DelegatingMethodAccessorImpl.java:43) ~[na:1.8.0_51]
	at java.lang.reflect.Method.invoke(Method.java:497) ~[na:1.8.0_51]
	at org.springsource.loaded.ri.ReloadedTypeInvoker$2.invoke(ReloadedTypeInvoker.java:133) ~[springloaded-1.2.4.RELEASE.jar:1.2.4.RELEASE]
	at org.springsource.loaded.ri.ReflectiveInterceptor.jlrMethodInvoke(ReflectiveInterceptor.java:1459) ~[springloaded-1.2.4.RELEASE.jar:1.2.4.RELEASE]
	at org.codehaus.groovy.reflection.CachedMethod.invoke(CachedMethod.java:93) ~[groovy-2.4.4.jar:2.4.4]
	at groovy.lang.MetaClassImpl.invokeMissingProperty(MetaClassImpl.java:877) ~[groovy-2.4.4.jar:2.4.4]
	at groovy.lang.MetaClassImpl.getProperty(MetaClassImpl.java:1856) ~[groovy-2.4.4.jar:2.4.4]
	at groovy.lang.ExpandoMetaClass.getProperty(ExpandoMetaClass.java:1153) ~[groovy-2.4.4.jar:2.4.4]
	at groovy.lang.MetaClassImpl.getProperty(MetaClassImpl.java:3737) ~[groovy-2.4.4.jar:2.4.4]
	at groovy.lang.ExpandoMetaClass.getProperty(ExpandoMetaClass.java:1165) ~[groovy-2.4.4.jar:2.4.4]
	at org.codehaus.groovy.runtime.callsite.PogoMetaClassGetPropertySite.getProperty(PogoMetaClassGetPropertySite.java:51) ~[groovy-2.4.4.jar:2.4.4]
	at org.codehaus.groovy.runtime.callsite.AbstractCallSite.callGroovyObjectGetProperty(AbstractCallSite.java:307) ~[groovy-2.4.4.jar:2.4.4]
	at newapp.ReportController$$EPL8bSlT.index(ReportController.groovy:39) ~[na:na]
	at newapp.ReportController$$DPL8bSlT.index(Unknown Source) ~[na:na]
	at newapp.ReportController.index(ReportController.groovy) ~[main/:na]
	... 57 common frames omitted
ERROR StackTrace - Full Stack Trace:
groovy.lang.MissingPropertyException: No such property: pdfStream for class: newapp.ReportController
	at grails.artefact.gsp.TagLibraryInvoker$Trait$Helper.propertyMissing(TagLibraryInvoker.groovy:123) ~[grails-web-taglib-3.0.4.jar:3.0.4]
	at grails.artefact.gsp.TagLibraryInvoker$Trait$Helper$propertyMissing$1.call(Unknown Source) ~[na:na]
	at newapp.ReportController$$EPL8bSlT.propertyMissing(ReportController.groovy) ~[na:na]
	at sun.reflect.NativeMethodAccessorImpl.invoke0(Native Method) ~[na:1.8.0_51]
	at sun.reflect.NativeMethodAccessorImpl.invoke(NativeMethodAccessorImpl.java:62) ~[na:1.8.0_51]
	at sun.reflect.DelegatingMethodAccessorImpl.invoke(DelegatingMethodAccessorImpl.java:43) ~[na:1.8.0_51]
	at java.lang.reflect.Method.invoke(Method.java:497) ~[na:1.8.0_51]
	at org.springsource.loaded.ri.ReloadedTypeInvoker$2.invoke(ReloadedTypeInvoker.java:133) ~[springloaded-1.2.4.RELEASE.jar:1.2.4.RELEASE]
	at org.springsource.loaded.ri.ReflectiveInterceptor.jlrMethodInvoke(ReflectiveInterceptor.java:1459) ~[springloaded-1.2.4.RELEASE.jar:1.2.4.RELEASE]
	at org.codehaus.groovy.reflection.CachedMethod.invoke(CachedMethod.java:93) ~[groovy-2.4.4.jar:2.4.4]
	at groovy.lang.MetaClassImpl.invokeMissingProperty(MetaClassImpl.java:877) ~[groovy-2.4.4.jar:2.4.4]
	at groovy.lang.MetaClassImpl.getProperty(MetaClassImpl.java:1856) ~[groovy-2.4.4.jar:2.4.4]
	at groovy.lang.ExpandoMetaClass.getProperty(ExpandoMetaClass.java:1153) ~[groovy-2.4.4.jar:2.4.4]
	at groovy.lang.MetaClassImpl.getProperty(MetaClassImpl.java:3737) ~[groovy-2.4.4.jar:2.4.4]
	at groovy.lang.ExpandoMetaClass.getProperty(ExpandoMetaClass.java:1165) ~[groovy-2.4.4.jar:2.4.4]
	at org.codehaus.groovy.runtime.callsite.PogoMetaClassGetPropertySite.getProperty(PogoMetaClassGetPropertySite.java:51) ~[groovy-2.4.4.jar:2.4.4]
	at org.codehaus.groovy.runtime.callsite.AbstractCallSite.callGroovyObjectGetProperty(AbstractCallSite.java:307) ~[groovy-2.4.4.jar:2.4.4]
	at newapp.ReportController$$EPL8bSlT.index(ReportController.groovy:39) ~[na:na]
	at newapp.ReportController$$DPL8bSlT.index(Unknown Source) ~[na:na]
	at newapp.ReportController.index(ReportController.groovy) ~[main/:na]
	at newapp.ReportController$$FastClassByCGLIB$$7e1151dd_4$$EPL8bSlT.invoke(<generated>) ~[na:na]
	at newapp.ReportController$$FastClassByCGLIB$$7e1151dd_4$$DPL8bSlT.invoke(Unknown Source) ~[na:na]
	at newapp.ReportController$$FastClassByCGLIB$$7e1151dd_4.invoke(<generated>) ~[spring-core-4.1.7.RELEASE.jar:na]
	at org.springframework.cglib.reflect.FastMethod.invoke(FastMethod.java:53) ~[spring-core-4.1.7.RELEASE.jar:4.1.7.RELEASE]
	at org.grails.core.DefaultGrailsControllerClass.invoke(DefaultGrailsControllerClass.java:146) ~[grails-core-3.0.4.jar:3.0.4]
	at org.grails.web.mapping.mvc.UrlMappingsInfoHandlerAdapter.handle(UrlMappingsInfoHandlerAdapter.groovy:87) ~[grails-web-url-mappings-3.0.4.jar:3.0.4]
	at org.springframework.web.servlet.DispatcherServlet.doDispatch(DispatcherServlet.java:959) [spring-webmvc-4.1.7.RELEASE.jar:4.1.7.RELEASE]
	at org.springframework.web.servlet.DispatcherServlet.doService(DispatcherServlet.java:893) [spring-webmvc-4.1.7.RELEASE.jar:4.1.7.RELEASE]
	at org.springframework.web.servlet.FrameworkServlet.processRequest(FrameworkServlet.java:967) [spring-webmvc-4.1.7.RELEASE.jar:4.1.7.RELEASE]
	at org.springframework.web.servlet.FrameworkServlet.doGet(FrameworkServlet.java:858) [spring-webmvc-4.1.7.RELEASE.jar:4.1.7.RELEASE]
	at javax.servlet.http.HttpServlet.service(HttpServlet.java:622) [tomcat-embed-core-8.0.23.jar:8.0.23]
	at org.springframework.web.servlet.FrameworkServlet.service(FrameworkServlet.java:843) [spring-webmvc-4.1.7.RELEASE.jar:4.1.7.RELEASE]
	at javax.servlet.http.HttpServlet.service(HttpServlet.java:729) [tomcat-embed-core-8.0.23.jar:8.0.23]
	at org.apache.catalina.core.ApplicationFilterChain.internalDoFilter(ApplicationFilterChain.java:291) [tomcat-embed-core-8.0.23.jar:8.0.23]
	at org.apache.catalina.core.ApplicationFilterChain.doFilter(ApplicationFilterChain.java:206) [tomcat-embed-core-8.0.23.jar:8.0.23]
	at org.apache.tomcat.websocket.server.WsFilter.doFilter(WsFilter.java:52) [tomcat-embed-websocket-8.0.23.jar:8.0.23]
	at org.apache.catalina.core.ApplicationFilterChain.internalDoFilter(ApplicationFilterChain.java:239) [tomcat-embed-core-8.0.23.jar:8.0.23]
	at org.apache.catalina.core.ApplicationFilterChain.doFilter(ApplicationFilterChain.java:206) [tomcat-embed-core-8.0.23.jar:8.0.23]
	at org.springframework.boot.actuate.autoconfigure.EndpointWebMvcAutoConfiguration$ApplicationContextHeaderFilter.doFilterInternal(EndpointWebMvcAutoConfiguration.java:295) [spring-boot-actuator-1.2.5.RELEASE.jar:1.2.5.RELEASE]
	at org.springframework.web.filter.OncePerRequestFilter.doFilter(OncePerRequestFilter.java:107) [spring-web-4.1.7.RELEASE.jar:4.1.7.RELEASE]
	at org.apache.catalina.core.ApplicationFilterChain.internalDoFilter(ApplicationFilterChain.java:239) [tomcat-embed-core-8.0.23.jar:8.0.23]
	at org.apache.catalina.core.ApplicationFilterChain.doFilter(ApplicationFilterChain.java:206) [tomcat-embed-core-8.0.23.jar:8.0.23]
	at org.springframework.boot.actuate.trace.WebRequestTraceFilter.doFilterInternal(WebRequestTraceFilter.java:102) [spring-boot-actuator-1.2.5.RELEASE.jar:1.2.5.RELEASE]
	at org.springframework.web.filter.OncePerRequestFilter.doFilter(OncePerRequestFilter.java:107) [spring-web-4.1.7.RELEASE.jar:4.1.7.RELEASE]
	at org.apache.catalina.core.ApplicationFilterChain.internalDoFilter(ApplicationFilterChain.java:239) [tomcat-embed-core-8.0.23.jar:8.0.23]
	at org.apache.catalina.core.ApplicationFilterChain.doFilter(ApplicationFilterChain.java:206) [tomcat-embed-core-8.0.23.jar:8.0.23]
	at org.grails.web.servlet.mvc.GrailsWebRequestFilter.doFilterInternal(GrailsWebRequestFilter.java:73) [grails-web-mvc-3.0.4.jar:3.0.4]
	at org.springframework.web.filter.OncePerRequestFilter.doFilter(OncePerRequestFilter.java:107) [spring-web-4.1.7.RELEASE.jar:4.1.7.RELEASE]
	at org.apache.catalina.core.ApplicationFilterChain.internalDoFilter(ApplicationFilterChain.java:239) [tomcat-embed-core-8.0.23.jar:8.0.23]
	at org.apache.catalina.core.ApplicationFilterChain.doFilter(ApplicationFilterChain.java:206) [tomcat-embed-core-8.0.23.jar:8.0.23]
	at org.grails.web.filters.HiddenHttpMethodFilter.doFilterInternal(HiddenHttpMethodFilter.java:67) [grails-web-mvc-3.0.4.jar:3.0.4]
	at org.springframework.web.filter.OncePerRequestFilter.doFilter(OncePerRequestFilter.java:107) [spring-web-4.1.7.RELEASE.jar:4.1.7.RELEASE]
	at org.apache.catalina.core.ApplicationFilterChain.internalDoFilter(ApplicationFilterChain.java:239) [tomcat-embed-core-8.0.23.jar:8.0.23]
	at org.apache.catalina.core.ApplicationFilterChain.doFilter(ApplicationFilterChain.java:206) [tomcat-embed-core-8.0.23.jar:8.0.23]
	at org.springframework.web.filter.CharacterEncodingFilter.doFilterInternal(CharacterEncodingFilter.java:85) [spring-web-4.1.7.RELEASE.jar:4.1.7.RELEASE]
	at org.springframework.web.filter.OncePerRequestFilter.doFilter(OncePerRequestFilter.java:107) [spring-web-4.1.7.RELEASE.jar:4.1.7.RELEASE]
	at org.apache.catalina.core.ApplicationFilterChain.internalDoFilter(ApplicationFilterChain.java:239) [tomcat-embed-core-8.0.23.jar:8.0.23]
	at org.apache.catalina.core.ApplicationFilterChain.doFilter(ApplicationFilterChain.java:206) [tomcat-embed-core-8.0.23.jar:8.0.23]
	at org.springframework.boot.actuate.autoconfigure.MetricsFilter.doFilterInternal(MetricsFilter.java:68) [spring-boot-actuator-1.2.5.RELEASE.jar:1.2.5.RELEASE]
	at org.springframework.web.filter.OncePerRequestFilter.doFilter(OncePerRequestFilter.java:107) [spring-web-4.1.7.RELEASE.jar:4.1.7.RELEASE]
	at org.apache.catalina.core.ApplicationFilterChain.internalDoFilter(ApplicationFilterChain.java:239) [tomcat-embed-core-8.0.23.jar:8.0.23]
	at org.apache.catalina.core.ApplicationFilterChain.doFilter(ApplicationFilterChain.java:206) [tomcat-embed-core-8.0.23.jar:8.0.23]
	at org.apache.catalina.core.StandardWrapperValve.invoke(StandardWrapperValve.java:219) [tomcat-embed-core-8.0.23.jar:8.0.23]
	at org.apache.catalina.core.StandardContextValve.invoke(StandardContextValve.java:106) [tomcat-embed-core-8.0.23.jar:8.0.23]
	at org.apache.catalina.authenticator.AuthenticatorBase.invoke(AuthenticatorBase.java:502) [tomcat-embed-core-8.0.23.jar:8.0.23]
	at org.apache.catalina.core.StandardHostValve.invoke(StandardHostValve.java:142) [tomcat-embed-core-8.0.23.jar:8.0.23]
	at org.apache.catalina.valves.ErrorReportValve.invoke(ErrorReportValve.java:79) [tomcat-embed-core-8.0.23.jar:8.0.23]
	at org.apache.catalina.core.StandardEngineValve.invoke(StandardEngineValve.java:88) [tomcat-embed-core-8.0.23.jar:8.0.23]
	at org.apache.catalina.connector.CoyoteAdapter.service(CoyoteAdapter.java:518) [tomcat-embed-core-8.0.23.jar:8.0.23]
	at org.apache.coyote.http11.AbstractHttp11Processor.process(AbstractHttp11Processor.java:1091) [tomcat-embed-core-8.0.23.jar:8.0.23]
	at org.apache.coyote.AbstractProtocol$AbstractConnectionHandler.process(AbstractProtocol.java:668) [tomcat-embed-core-8.0.23.jar:8.0.23]
	at org.apache.tomcat.util.net.NioEndpoint$SocketProcessor.doRun(NioEndpoint.java:1521) [tomcat-embed-core-8.0.23.jar:8.0.23]
	at org.apache.tomcat.util.net.NioEndpoint$SocketProcessor.run(NioEndpoint.java:1478) [tomcat-embed-core-8.0.23.jar:8.0.23]
	at java.util.concurrent.ThreadPoolExecutor.runWorker(ThreadPoolExecutor.java:1142) [na:1.8.0_51]
	at java.util.concurrent.ThreadPoolExecutor$Worker.run(ThreadPoolExecutor.java:617) [na:1.8.0_51]
	at org.apache.tomcat.util.threads.TaskThread$WrappingRunnable.run(TaskThread.java:61) [tomcat-embed-core-8.0.23.jar:8.0.23]
	at java.lang.Thread.run(Thread.java:745) [na:1.8.0_51]
ERROR StackTrace - Full Stack Trace:
java.lang.reflect.InvocationTargetException: null
	at java.util.concurrent.ThreadPoolExecutor.runWorker(ThreadPoolExecutor.java:1142) ~[na:1.8.0_51]
	at java.util.concurrent.ThreadPoolExecutor$Worker.run(ThreadPoolExecutor.java:617) ~[na:1.8.0_51]
	at java.lang.Thread.run(Thread.java:745) [na:1.8.0_51]
Caused by: groovy.lang.MissingPropertyException: No such property: pdfStream for class: newapp.ReportController
	at grails.artefact.gsp.TagLibraryInvoker$Trait$Helper.propertyMissing(TagLibraryInvoker.groovy:123) ~[grails-web-taglib-3.0.4.jar:3.0.4]
	at newapp.ReportController$$EPL8bSlT.index(ReportController.groovy:39) ~[na:na]
	... 3 common frames omitted
ERROR StackTrace - Full Stack Trace:
java.lang.reflect.InvocationTargetException: null
	at newapp.ReportController$$FastClassByCGLIB$$7e1151dd_4$$EPL8bSlT.invoke(<generated>) ~[na:na]
	at newapp.ReportController$$FastClassByCGLIB$$7e1151dd_4$$DPL8bSlT.invoke(Unknown Source) ~[na:na]
	at newapp.ReportController$$FastClassByCGLIB$$7e1151dd_4.invoke(<generated>) ~[spring-core-4.1.7.RELEASE.jar:na]
	at org.springframework.cglib.reflect.FastMethod.invoke(FastMethod.java:53) ~[spring-core-4.1.7.RELEASE.jar:4.1.7.RELEASE]
	at org.grails.core.DefaultGrailsControllerClass.invoke(DefaultGrailsControllerClass.java:146) ~[grails-core-3.0.4.jar:3.0.4]
	at org.grails.web.mapping.mvc.UrlMappingsInfoHandlerAdapter.handle(UrlMappingsInfoHandlerAdapter.groovy:87) ~[grails-web-url-mappings-3.0.4.jar:3.0.4]
	at org.springframework.web.servlet.DispatcherServlet.doDispatch(DispatcherServlet.java:959) [spring-webmvc-4.1.7.RELEASE.jar:4.1.7.RELEASE]
	at org.springframework.web.servlet.DispatcherServlet.doService(DispatcherServlet.java:893) [spring-webmvc-4.1.7.RELEASE.jar:4.1.7.RELEASE]
	at org.springframework.web.servlet.FrameworkServlet.processRequest(FrameworkServlet.java:967) [spring-webmvc-4.1.7.RELEASE.jar:4.1.7.RELEASE]
	at org.springframework.web.servlet.FrameworkServlet.doGet(FrameworkServlet.java:858) [spring-webmvc-4.1.7.RELEASE.jar:4.1.7.RELEASE]
	at javax.servlet.http.HttpServlet.service(HttpServlet.java:622) [tomcat-embed-core-8.0.23.jar:8.0.23]
	at org.springframework.web.servlet.FrameworkServlet.service(FrameworkServlet.java:843) [spring-webmvc-4.1.7.RELEASE.jar:4.1.7.RELEASE]
	at javax.servlet.http.HttpServlet.service(HttpServlet.java:729) [tomcat-embed-core-8.0.23.jar:8.0.23]
	at org.apache.catalina.core.ApplicationFilterChain.internalDoFilter(ApplicationFilterChain.java:291) [tomcat-embed-core-8.0.23.jar:8.0.23]
	at org.apache.catalina.core.ApplicationFilterChain.doFilter(ApplicationFilterChain.java:206) [tomcat-embed-core-8.0.23.jar:8.0.23]
	at org.apache.tomcat.websocket.server.WsFilter.doFilter(WsFilter.java:52) [tomcat-embed-websocket-8.0.23.jar:8.0.23]
	at org.apache.catalina.core.ApplicationFilterChain.internalDoFilter(ApplicationFilterChain.java:239) [tomcat-embed-core-8.0.23.jar:8.0.23]
	at org.apache.catalina.core.ApplicationFilterChain.doFilter(ApplicationFilterChain.java:206) [tomcat-embed-core-8.0.23.jar:8.0.23]
	at org.springframework.boot.actuate.autoconfigure.EndpointWebMvcAutoConfiguration$ApplicationContextHeaderFilter.doFilterInternal(EndpointWebMvcAutoConfiguration.java:295) [spring-boot-actuator-1.2.5.RELEASE.jar:1.2.5.RELEASE]
	at org.springframework.web.filter.OncePerRequestFilter.doFilter(OncePerRequestFilter.java:107) [spring-web-4.1.7.RELEASE.jar:4.1.7.RELEASE]
	at org.apache.catalina.core.ApplicationFilterChain.internalDoFilter(ApplicationFilterChain.java:239) [tomcat-embed-core-8.0.23.jar:8.0.23]
	at org.apache.catalina.core.ApplicationFilterChain.doFilter(ApplicationFilterChain.java:206) [tomcat-embed-core-8.0.23.jar:8.0.23]
	at org.springframework.boot.actuate.trace.WebRequestTraceFilter.doFilterInternal(WebRequestTraceFilter.java:102) [spring-boot-actuator-1.2.5.RELEASE.jar:1.2.5.RELEASE]
	at org.springframework.web.filter.OncePerRequestFilter.doFilter(OncePerRequestFilter.java:107) [spring-web-4.1.7.RELEASE.jar:4.1.7.RELEASE]
	at org.apache.catalina.core.ApplicationFilterChain.internalDoFilter(ApplicationFilterChain.java:239) [tomcat-embed-core-8.0.23.jar:8.0.23]
	at org.apache.catalina.core.ApplicationFilterChain.doFilter(ApplicationFilterChain.java:206) [tomcat-embed-core-8.0.23.jar:8.0.23]
	at org.grails.web.servlet.mvc.GrailsWebRequestFilter.doFilterInternal(GrailsWebRequestFilter.java:73) [grails-web-mvc-3.0.4.jar:3.0.4]
	at org.springframework.web.filter.OncePerRequestFilter.doFilter(OncePerRequestFilter.java:107) [spring-web-4.1.7.RELEASE.jar:4.1.7.RELEASE]
	at org.apache.catalina.core.ApplicationFilterChain.internalDoFilter(ApplicationFilterChain.java:239) [tomcat-embed-core-8.0.23.jar:8.0.23]
	at org.apache.catalina.core.ApplicationFilterChain.doFilter(ApplicationFilterChain.java:206) [tomcat-embed-core-8.0.23.jar:8.0.23]
	at org.grails.web.filters.HiddenHttpMethodFilter.doFilterInternal(HiddenHttpMethodFilter.java:67) [grails-web-mvc-3.0.4.jar:3.0.4]
	at org.springframework.web.filter.OncePerRequestFilter.doFilter(OncePerRequestFilter.java:107) [spring-web-4.1.7.RELEASE.jar:4.1.7.RELEASE]
	at org.apache.catalina.core.ApplicationFilterChain.internalDoFilter(ApplicationFilterChain.java:239) [tomcat-embed-core-8.0.23.jar:8.0.23]
	at org.apache.catalina.core.ApplicationFilterChain.doFilter(ApplicationFilterChain.java:206) [tomcat-embed-core-8.0.23.jar:8.0.23]
	at org.springframework.web.filter.CharacterEncodingFilter.doFilterInternal(CharacterEncodingFilter.java:85) [spring-web-4.1.7.RELEASE.jar:4.1.7.RELEASE]
	at org.springframework.web.filter.OncePerRequestFilter.doFilter(OncePerRequestFilter.java:107) [spring-web-4.1.7.RELEASE.jar:4.1.7.RELEASE]
	at org.apache.catalina.core.ApplicationFilterChain.internalDoFilter(ApplicationFilterChain.java:239) [tomcat-embed-core-8.0.23.jar:8.0.23]
	at org.apache.catalina.core.ApplicationFilterChain.doFilter(ApplicationFilterChain.java:206) [tomcat-embed-core-8.0.23.jar:8.0.23]
	at org.springframework.boot.actuate.autoconfigure.MetricsFilter.doFilterInternal(MetricsFilter.java:68) [spring-boot-actuator-1.2.5.RELEASE.jar:1.2.5.RELEASE]
	at org.springframework.web.filter.OncePerRequestFilter.doFilter(OncePerRequestFilter.java:107) [spring-web-4.1.7.RELEASE.jar:4.1.7.RELEASE]
	at org.apache.catalina.core.ApplicationFilterChain.internalDoFilter(ApplicationFilterChain.java:239) [tomcat-embed-core-8.0.23.jar:8.0.23]
	at org.apache.catalina.core.ApplicationFilterChain.doFilter(ApplicationFilterChain.java:206) [tomcat-embed-core-8.0.23.jar:8.0.23]
	at org.apache.catalina.core.StandardWrapperValve.invoke(StandardWrapperValve.java:219) [tomcat-embed-core-8.0.23.jar:8.0.23]
	at org.apache.catalina.core.StandardContextValve.invoke(StandardContextValve.java:106) [tomcat-embed-core-8.0.23.jar:8.0.23]
	at org.apache.catalina.authenticator.AuthenticatorBase.invoke(AuthenticatorBase.java:502) [tomcat-embed-core-8.0.23.jar:8.0.23]
	at org.apache.catalina.core.StandardHostValve.invoke(StandardHostValve.java:142) [tomcat-embed-core-8.0.23.jar:8.0.23]
	at org.apache.catalina.valves.ErrorReportValve.invoke(ErrorReportValve.java:79) [tomcat-embed-core-8.0.23.jar:8.0.23]
	at org.apache.catalina.core.StandardEngineValve.invoke(StandardEngineValve.java:88) [tomcat-embed-core-8.0.23.jar:8.0.23]
	at org.apache.catalina.connector.CoyoteAdapter.service(CoyoteAdapter.java:518) [tomcat-embed-core-8.0.23.jar:8.0.23]
	at org.apache.coyote.http11.AbstractHttp11Processor.process(AbstractHttp11Processor.java:1091) [tomcat-embed-core-8.0.23.jar:8.0.23]
	at org.apache.coyote.AbstractProtocol$AbstractConnectionHandler.process(AbstractProtocol.java:668) [tomcat-embed-core-8.0.23.jar:8.0.23]
	at org.apache.tomcat.util.net.NioEndpoint$SocketProcessor.doRun(NioEndpoint.java:1521) [tomcat-embed-core-8.0.23.jar:8.0.23]
	at org.apache.tomcat.util.net.NioEndpoint$SocketProcessor.run(NioEndpoint.java:1478) [tomcat-embed-core-8.0.23.jar:8.0.23]
	at java.util.concurrent.ThreadPoolExecutor.runWorker(ThreadPoolExecutor.java:1142) [na:1.8.0_51]
	at java.util.concurrent.ThreadPoolExecutor$Worker.run(ThreadPoolExecutor.java:617) [na:1.8.0_51]
	at org.apache.tomcat.util.threads.TaskThread$WrappingRunnable.run(TaskThread.java:61) [tomcat-embed-core-8.0.23.jar:8.0.23]
	at java.lang.Thread.run(Thread.java:745) [na:1.8.0_51]
Caused by: groovy.lang.MissingPropertyException: No such property: pdfStream for class: newapp.ReportController
	at grails.artefact.gsp.TagLibraryInvoker$Trait$Helper.propertyMissing(TagLibraryInvoker.groovy:123) ~[grails-web-taglib-3.0.4.jar:3.0.4]
	at grails.artefact.gsp.TagLibraryInvoker$Trait$Helper$propertyMissing$1.call(Unknown Source) ~[na:na]
	at newapp.ReportController$$EPL8bSlT.propertyMissing(ReportController.groovy) ~[na:na]
	at sun.reflect.NativeMethodAccessorImpl.invoke0(Native Method) ~[na:1.8.0_51]
	at sun.reflect.NativeMethodAccessorImpl.invoke(NativeMethodAccessorImpl.java:62) ~[na:1.8.0_51]
	at sun.reflect.DelegatingMethodAccessorImpl.invoke(DelegatingMethodAccessorImpl.java:43) ~[na:1.8.0_51]
	at java.lang.reflect.Method.invoke(Method.java:497) ~[na:1.8.0_51]
	at org.springsource.loaded.ri.ReloadedTypeInvoker$2.invoke(ReloadedTypeInvoker.java:133) ~[springloaded-1.2.4.RELEASE.jar:1.2.4.RELEASE]
	at org.springsource.loaded.ri.ReflectiveInterceptor.jlrMethodInvoke(ReflectiveInterceptor.java:1459) ~[springloaded-1.2.4.RELEASE.jar:1.2.4.RELEASE]
	at org.codehaus.groovy.reflection.CachedMethod.invoke(CachedMethod.java:93) ~[groovy-2.4.4.jar:2.4.4]
	at groovy.lang.MetaClassImpl.invokeMissingProperty(MetaClassImpl.java:877) ~[groovy-2.4.4.jar:2.4.4]
	at groovy.lang.MetaClassImpl.getProperty(MetaClassImpl.java:1856) ~[groovy-2.4.4.jar:2.4.4]
	at groovy.lang.ExpandoMetaClass.getProperty(ExpandoMetaClass.java:1153) ~[groovy-2.4.4.jar:2.4.4]
	at groovy.lang.MetaClassImpl.getProperty(MetaClassImpl.java:3737) ~[groovy-2.4.4.jar:2.4.4]
	at groovy.lang.ExpandoMetaClass.getProperty(ExpandoMetaClass.java:1165) ~[groovy-2.4.4.jar:2.4.4]
	at org.codehaus.groovy.runtime.callsite.PogoMetaClassGetPropertySite.getProperty(PogoMetaClassGetPropertySite.java:51) ~[groovy-2.4.4.jar:2.4.4]
	at org.codehaus.groovy.runtime.callsite.AbstractCallSite.callGroovyObjectGetProperty(AbstractCallSite.java:307) ~[groovy-2.4.4.jar:2.4.4]
	at newapp.ReportController$$EPL8bSlT.index(ReportController.groovy:39) ~[na:na]
	at newapp.ReportController$$DPL8bSlT.index(Unknown Source) ~[na:na]
	at newapp.ReportController.index(ReportController.groovy) ~[main/:na]
	... 57 common frames omitted
ERROR StackTrace - Full Stack Trace:
groovy.lang.MissingPropertyException: No such property: pdfStream for class: newapp.ReportController
	at grails.artefact.gsp.TagLibraryInvoker$Trait$Helper.propertyMissing(TagLibraryInvoker.groovy:123) ~[grails-web-taglib-3.0.4.jar:3.0.4]
	at grails.artefact.gsp.TagLibraryInvoker$Trait$Helper$propertyMissing$1.call(Unknown Source) ~[na:na]
	at newapp.ReportController$$EPL8bSlT.propertyMissing(ReportController.groovy) ~[na:na]
	at sun.reflect.NativeMethodAccessorImpl.invoke0(Native Method) ~[na:1.8.0_51]
	at sun.reflect.NativeMethodAccessorImpl.invoke(NativeMethodAccessorImpl.java:62) ~[na:1.8.0_51]
	at sun.reflect.DelegatingMethodAccessorImpl.invoke(DelegatingMethodAccessorImpl.java:43) ~[na:1.8.0_51]
	at java.lang.reflect.Method.invoke(Method.java:497) ~[na:1.8.0_51]
	at org.springsource.loaded.ri.ReloadedTypeInvoker$2.invoke(ReloadedTypeInvoker.java:133) ~[springloaded-1.2.4.RELEASE.jar:1.2.4.RELEASE]
	at org.springsource.loaded.ri.ReflectiveInterceptor.jlrMethodInvoke(ReflectiveInterceptor.java:1459) ~[springloaded-1.2.4.RELEASE.jar:1.2.4.RELEASE]
	at org.codehaus.groovy.reflection.CachedMethod.invoke(CachedMethod.java:93) ~[groovy-2.4.4.jar:2.4.4]
	at groovy.lang.MetaClassImpl.invokeMissingProperty(MetaClassImpl.java:877) ~[groovy-2.4.4.jar:2.4.4]
	at groovy.lang.MetaClassImpl.getProperty(MetaClassImpl.java:1856) ~[groovy-2.4.4.jar:2.4.4]
	at groovy.lang.ExpandoMetaClass.getProperty(ExpandoMetaClass.java:1153) ~[groovy-2.4.4.jar:2.4.4]
	at groovy.lang.MetaClassImpl.getProperty(MetaClassImpl.java:3737) ~[groovy-2.4.4.jar:2.4.4]
	at groovy.lang.ExpandoMetaClass.getProperty(ExpandoMetaClass.java:1165) ~[groovy-2.4.4.jar:2.4.4]
	at org.codehaus.groovy.runtime.callsite.PogoMetaClassGetPropertySite.getProperty(PogoMetaClassGetPropertySite.java:51) ~[groovy-2.4.4.jar:2.4.4]
	at org.codehaus.groovy.runtime.callsite.AbstractCallSite.callGroovyObjectGetProperty(AbstractCallSite.java:307) ~[groovy-2.4.4.jar:2.4.4]
	at newapp.ReportController$$EPL8bSlT.index(ReportController.groovy:39) ~[na:na]
	at newapp.ReportController$$DPL8bSlT.index(Unknown Source) ~[na:na]
	at newapp.ReportController.index(ReportController.groovy) ~[main/:na]
	at newapp.ReportController$$FastClassByCGLIB$$7e1151dd_4$$EPL8bSlT.invoke(<generated>) ~[na:na]
	at newapp.ReportController$$FastClassByCGLIB$$7e1151dd_4$$DPL8bSlT.invoke(Unknown Source) ~[na:na]
	at newapp.ReportController$$FastClassByCGLIB$$7e1151dd_4.invoke(<generated>) ~[spring-core-4.1.7.RELEASE.jar:na]
	at org.springframework.cglib.reflect.FastMethod.invoke(FastMethod.java:53) ~[spring-core-4.1.7.RELEASE.jar:4.1.7.RELEASE]
	at org.grails.core.DefaultGrailsControllerClass.invoke(DefaultGrailsControllerClass.java:146) ~[grails-core-3.0.4.jar:3.0.4]
	at org.grails.web.mapping.mvc.UrlMappingsInfoHandlerAdapter.handle(UrlMappingsInfoHandlerAdapter.groovy:87) ~[grails-web-url-mappings-3.0.4.jar:3.0.4]
	at org.springframework.web.servlet.DispatcherServlet.doDispatch(DispatcherServlet.java:959) [spring-webmvc-4.1.7.RELEASE.jar:4.1.7.RELEASE]
	at org.springframework.web.servlet.DispatcherServlet.doService(DispatcherServlet.java:893) [spring-webmvc-4.1.7.RELEASE.jar:4.1.7.RELEASE]
	at org.springframework.web.servlet.FrameworkServlet.processRequest(FrameworkServlet.java:967) [spring-webmvc-4.1.7.RELEASE.jar:4.1.7.RELEASE]
	at org.springframework.web.servlet.FrameworkServlet.doGet(FrameworkServlet.java:858) [spring-webmvc-4.1.7.RELEASE.jar:4.1.7.RELEASE]
	at javax.servlet.http.HttpServlet.service(HttpServlet.java:622) [tomcat-embed-core-8.0.23.jar:8.0.23]
	at org.springframework.web.servlet.FrameworkServlet.service(FrameworkServlet.java:843) [spring-webmvc-4.1.7.RELEASE.jar:4.1.7.RELEASE]
	at javax.servlet.http.HttpServlet.service(HttpServlet.java:729) [tomcat-embed-core-8.0.23.jar:8.0.23]
	at org.apache.catalina.core.ApplicationFilterChain.internalDoFilter(ApplicationFilterChain.java:291) [tomcat-embed-core-8.0.23.jar:8.0.23]
	at org.apache.catalina.core.ApplicationFilterChain.doFilter(ApplicationFilterChain.java:206) [tomcat-embed-core-8.0.23.jar:8.0.23]
	at org.apache.tomcat.websocket.server.WsFilter.doFilter(WsFilter.java:52) [tomcat-embed-websocket-8.0.23.jar:8.0.23]
	at org.apache.catalina.core.ApplicationFilterChain.internalDoFilter(ApplicationFilterChain.java:239) [tomcat-embed-core-8.0.23.jar:8.0.23]
	at org.apache.catalina.core.ApplicationFilterChain.doFilter(ApplicationFilterChain.java:206) [tomcat-embed-core-8.0.23.jar:8.0.23]
	at org.springframework.boot.actuate.autoconfigure.EndpointWebMvcAutoConfiguration$ApplicationContextHeaderFilter.doFilterInternal(EndpointWebMvcAutoConfiguration.java:295) [spring-boot-actuator-1.2.5.RELEASE.jar:1.2.5.RELEASE]
	at org.springframework.web.filter.OncePerRequestFilter.doFilter(OncePerRequestFilter.java:107) [spring-web-4.1.7.RELEASE.jar:4.1.7.RELEASE]
	at org.apache.catalina.core.ApplicationFilterChain.internalDoFilter(ApplicationFilterChain.java:239) [tomcat-embed-core-8.0.23.jar:8.0.23]
	at org.apache.catalina.core.ApplicationFilterChain.doFilter(ApplicationFilterChain.java:206) [tomcat-embed-core-8.0.23.jar:8.0.23]
	at org.springframework.boot.actuate.trace.WebRequestTraceFilter.doFilterInternal(WebRequestTraceFilter.java:102) [spring-boot-actuator-1.2.5.RELEASE.jar:1.2.5.RELEASE]
	at org.springframework.web.filter.OncePerRequestFilter.doFilter(OncePerRequestFilter.java:107) [spring-web-4.1.7.RELEASE.jar:4.1.7.RELEASE]
	at org.apache.catalina.core.ApplicationFilterChain.internalDoFilter(ApplicationFilterChain.java:239) [tomcat-embed-core-8.0.23.jar:8.0.23]
	at org.apache.catalina.core.ApplicationFilterChain.doFilter(ApplicationFilterChain.java:206) [tomcat-embed-core-8.0.23.jar:8.0.23]
	at org.grails.web.servlet.mvc.GrailsWebRequestFilter.doFilterInternal(GrailsWebRequestFilter.java:73) [grails-web-mvc-3.0.4.jar:3.0.4]
	at org.springframework.web.filter.OncePerRequestFilter.doFilter(OncePerRequestFilter.java:107) [spring-web-4.1.7.RELEASE.jar:4.1.7.RELEASE]
	at org.apache.catalina.core.ApplicationFilterChain.internalDoFilter(ApplicationFilterChain.java:239) [tomcat-embed-core-8.0.23.jar:8.0.23]
	at org.apache.catalina.core.ApplicationFilterChain.doFilter(ApplicationFilterChain.java:206) [tomcat-embed-core-8.0.23.jar:8.0.23]
	at org.grails.web.filters.HiddenHttpMethodFilter.doFilterInternal(HiddenHttpMethodFilter.java:67) [grails-web-mvc-3.0.4.jar:3.0.4]
	at org.springframework.web.filter.OncePerRequestFilter.doFilter(OncePerRequestFilter.java:107) [spring-web-4.1.7.RELEASE.jar:4.1.7.RELEASE]
	at org.apache.catalina.core.ApplicationFilterChain.internalDoFilter(ApplicationFilterChain.java:239) [tomcat-embed-core-8.0.23.jar:8.0.23]
	at org.apache.catalina.core.ApplicationFilterChain.doFilter(ApplicationFilterChain.java:206) [tomcat-embed-core-8.0.23.jar:8.0.23]
	at org.springframework.web.filter.CharacterEncodingFilter.doFilterInternal(CharacterEncodingFilter.java:85) [spring-web-4.1.7.RELEASE.jar:4.1.7.RELEASE]
	at org.springframework.web.filter.OncePerRequestFilter.doFilter(OncePerRequestFilter.java:107) [spring-web-4.1.7.RELEASE.jar:4.1.7.RELEASE]
	at org.apache.catalina.core.ApplicationFilterChain.internalDoFilter(ApplicationFilterChain.java:239) [tomcat-embed-core-8.0.23.jar:8.0.23]
	at org.apache.catalina.core.ApplicationFilterChain.doFilter(ApplicationFilterChain.java:206) [tomcat-embed-core-8.0.23.jar:8.0.23]
	at org.springframework.boot.actuate.autoconfigure.MetricsFilter.doFilterInternal(MetricsFilter.java:68) [spring-boot-actuator-1.2.5.RELEASE.jar:1.2.5.RELEASE]
	at org.springframework.web.filter.OncePerRequestFilter.doFilter(OncePerRequestFilter.java:107) [spring-web-4.1.7.RELEASE.jar:4.1.7.RELEASE]
	at org.apache.catalina.core.ApplicationFilterChain.internalDoFilter(ApplicationFilterChain.java:239) [tomcat-embed-core-8.0.23.jar:8.0.23]
	at org.apache.catalina.core.ApplicationFilterChain.doFilter(ApplicationFilterChain.java:206) [tomcat-embed-core-8.0.23.jar:8.0.23]
	at org.apache.catalina.core.StandardWrapperValve.invoke(StandardWrapperValve.java:219) [tomcat-embed-core-8.0.23.jar:8.0.23]
	at org.apache.catalina.core.StandardContextValve.invoke(StandardContextValve.java:106) [tomcat-embed-core-8.0.23.jar:8.0.23]
	at org.apache.catalina.authenticator.AuthenticatorBase.invoke(AuthenticatorBase.java:502) [tomcat-embed-core-8.0.23.jar:8.0.23]
	at org.apache.catalina.core.StandardHostValve.invoke(StandardHostValve.java:142) [tomcat-embed-core-8.0.23.jar:8.0.23]
	at org.apache.catalina.valves.ErrorReportValve.invoke(ErrorReportValve.java:79) [tomcat-embed-core-8.0.23.jar:8.0.23]
	at org.apache.catalina.core.StandardEngineValve.invoke(StandardEngineValve.java:88) [tomcat-embed-core-8.0.23.jar:8.0.23]
	at org.apache.catalina.connector.CoyoteAdapter.service(CoyoteAdapter.java:518) [tomcat-embed-core-8.0.23.jar:8.0.23]
	at org.apache.coyote.http11.AbstractHttp11Processor.process(AbstractHttp11Processor.java:1091) [tomcat-embed-core-8.0.23.jar:8.0.23]
	at org.apache.coyote.AbstractProtocol$AbstractConnectionHandler.process(AbstractProtocol.java:668) [tomcat-embed-core-8.0.23.jar:8.0.23]
	at org.apache.tomcat.util.net.NioEndpoint$SocketProcessor.doRun(NioEndpoint.java:1521) [tomcat-embed-core-8.0.23.jar:8.0.23]
	at org.apache.tomcat.util.net.NioEndpoint$SocketProcessor.run(NioEndpoint.java:1478) [tomcat-embed-core-8.0.23.jar:8.0.23]
	at java.util.concurrent.ThreadPoolExecutor.runWorker(ThreadPoolExecutor.java:1142) [na:1.8.0_51]
	at java.util.concurrent.ThreadPoolExecutor$Worker.run(ThreadPoolExecutor.java:617) [na:1.8.0_51]
	at org.apache.tomcat.util.threads.TaskThread$WrappingRunnable.run(TaskThread.java:61) [tomcat-embed-core-8.0.23.jar:8.0.23]
	at java.lang.Thread.run(Thread.java:745) [na:1.8.0_51]
ERROR StackTrace - Full Stack Trace:
java.lang.reflect.InvocationTargetException: null
	at java.util.concurrent.ThreadPoolExecutor.runWorker(ThreadPoolExecutor.java:1142) ~[na:1.8.0_51]
	at java.util.concurrent.ThreadPoolExecutor$Worker.run(ThreadPoolExecutor.java:617) ~[na:1.8.0_51]
	at java.lang.Thread.run(Thread.java:745) [na:1.8.0_51]
Caused by: groovy.lang.MissingPropertyException: No such property: pdfStream for class: newapp.ReportController
	at grails.artefact.gsp.TagLibraryInvoker$Trait$Helper.propertyMissing(TagLibraryInvoker.groovy:123) ~[grails-web-taglib-3.0.4.jar:3.0.4]
	at newapp.ReportController$$EPL8bSlT.index(ReportController.groovy:39) ~[na:na]
	... 3 common frames omitted
